{"/home/travis/build/npmtest/node-npmtest-node-ios-device/test.js":{"path":"/home/travis/build/npmtest/node-npmtest-node-ios-device/test.js","s":{"1":2,"2":2,"3":2,"4":2,"5":2,"6":2,"7":2,"8":1,"9":2,"10":2,"11":1,"12":1,"13":1,"14":1,"15":2,"16":2,"17":2,"18":2,"19":1,"20":1,"21":2,"22":2,"23":2,"24":1,"25":1,"26":1,"27":1,"28":1,"29":1,"30":1,"31":1,"32":1,"33":1,"34":1,"35":1,"36":1,"37":1,"38":1,"39":2,"40":2,"41":1,"42":2,"43":2,"44":1,"45":2,"46":2,"47":1,"48":2,"49":2,"50":1,"51":1,"52":1,"53":1,"54":1},"b":{"1":[2,1,1,1],"2":[1,1,1,1],"3":[1,1],"4":[1,1],"5":[1,1],"6":[1,1],"7":[1,1],"8":[1,1],"9":[1,1],"10":[1,1,1],"11":[1,1],"12":[1,1],"13":[1,1],"14":[1,1],"15":[1,1],"16":[1,1],"17":[1,1]},"f":{"1":2,"2":2,"3":2,"4":2,"5":2,"6":1,"7":1,"8":1,"9":2,"10":2,"11":2,"12":2,"13":1},"fnMap":{"1":{"name":"(anonymous_1)","line":12,"loc":{"start":{"line":12,"column":1},"end":{"line":12,"column":13}}},"2":{"name":"(anonymous_2)","line":19,"loc":{"start":{"line":19,"column":5},"end":{"line":19,"column":17}}},"3":{"name":"(anonymous_3)","line":23,"loc":{"start":{"line":23,"column":24},"end":{"line":23,"column":36}}},"4":{"name":"(anonymous_4)","line":61,"loc":{"start":{"line":61,"column":5},"end":{"line":61,"column":17}}},"5":{"name":"(anonymous_5)","line":82,"loc":{"start":{"line":82,"column":5},"end":{"line":82,"column":17}}},"6":{"name":"(anonymous_6)","line":91,"loc":{"start":{"line":91,"column":77},"end":{"line":94,"column":10}}},"7":{"name":"(anonymous_7)","line":112,"loc":{"start":{"line":112,"column":83},"end":{"line":115,"column":10}},"skip":true},"8":{"name":"(anonymous_8)","line":123,"loc":{"start":{"line":123,"column":77},"end":{"line":126,"column":10}},"skip":true},"9":{"name":"(anonymous_9)","line":139,"loc":{"start":{"line":139,"column":12},"end":{"line":139,"column":40}},"skip":true},"10":{"name":"(anonymous_10)","line":147,"loc":{"start":{"line":147,"column":77},"end":{"line":150,"column":10}},"skip":true},"11":{"name":"(anonymous_11)","line":158,"loc":{"start":{"line":158,"column":83},"end":{"line":161,"column":10}},"skip":true},"12":{"name":"(anonymous_12)","line":169,"loc":{"start":{"line":169,"column":79},"end":{"line":172,"column":10}},"skip":true},"13":{"name":"(anonymous_13)","line":180,"loc":{"start":{"line":180,"column":75},"end":{"line":183,"column":10}},"skip":true}},"statementMap":{"1":{"start":{"line":12,"column":0},"end":{"line":195,"column":5}},"2":{"start":{"line":14,"column":4},"end":{"line":14,"column":14}},"3":{"start":{"line":19,"column":4},"end":{"line":56,"column":9}},"4":{"start":{"line":21,"column":8},"end":{"line":21,"column":19}},"5":{"start":{"line":23,"column":8},"end":{"line":35,"column":13}},"6":{"start":{"line":24,"column":12},"end":{"line":34,"column":13}},"7":{"start":{"line":25,"column":16},"end":{"line":28,"column":30}},"8":{"start":{"line":30,"column":16},"end":{"line":33,"column":27}},"9":{"start":{"line":37,"column":8},"end":{"line":39,"column":21}},"10":{"start":{"line":40,"column":8},"end":{"line":53,"column":9}},"11":{"start":{"line":43,"column":12},"end":{"line":46,"column":14}},"12":{"start":{"line":47,"column":12},"end":{"line":47,"column":18}},"13":{"start":{"line":50,"column":12},"end":{"line":51,"column":33}},"14":{"start":{"line":52,"column":12},"end":{"line":52,"column":18}},"15":{"start":{"line":55,"column":8},"end":{"line":55,"column":35}},"16":{"start":{"line":61,"column":4},"end":{"line":63,"column":9}},"17":{"start":{"line":62,"column":8},"end":{"line":62,"column":15}},"18":{"start":{"line":64,"column":4},"end":{"line":77,"column":5}},"19":{"start":{"line":70,"column":8},"end":{"line":70,"column":14}},"20":{"start":{"line":76,"column":8},"end":{"line":76,"column":14}},"21":{"start":{"line":82,"column":4},"end":{"line":84,"column":9}},"22":{"start":{"line":83,"column":8},"end":{"line":83,"column":15}},"23":{"start":{"line":85,"column":4},"end":{"line":194,"column":5}},"24":{"start":{"line":91,"column":8},"end":{"line":99,"column":10}},"25":{"start":{"line":98,"column":12},"end":{"line":98,"column":35}},"26":{"start":{"line":102,"column":8},"end":{"line":104,"column":63}},"27":{"start":{"line":105,"column":8},"end":{"line":105,"column":14}},"28":{"start":{"line":112,"column":8},"end":{"line":121,"column":10},"skip":true},"29":{"start":{"line":119,"column":12},"end":{"line":119,"column":55},"skip":true},"30":{"start":{"line":120,"column":12},"end":{"line":120,"column":48},"skip":true},"31":{"start":{"line":123,"column":8},"end":{"line":136,"column":10},"skip":true},"32":{"start":{"line":130,"column":12},"end":{"line":130,"column":76},"skip":true},"33":{"start":{"line":131,"column":12},"end":{"line":131,"column":73},"skip":true},"34":{"start":{"line":132,"column":12},"end":{"line":132,"column":74},"skip":true},"35":{"start":{"line":133,"column":12},"end":{"line":133,"column":79},"skip":true},"36":{"start":{"line":134,"column":12},"end":{"line":134,"column":25},"skip":true},"37":{"start":{"line":135,"column":12},"end":{"line":135,"column":45},"skip":true},"38":{"start":{"line":138,"column":8},"end":{"line":145,"column":14},"skip":true},"39":{"start":{"line":143,"column":16},"end":{"line":143,"column":29},"skip":true},"40":{"start":{"line":144,"column":16},"end":{"line":144,"column":55},"skip":true},"41":{"start":{"line":147,"column":8},"end":{"line":156,"column":10},"skip":true},"42":{"start":{"line":154,"column":12},"end":{"line":154,"column":25},"skip":true},"43":{"start":{"line":155,"column":12},"end":{"line":155,"column":45},"skip":true},"44":{"start":{"line":158,"column":8},"end":{"line":167,"column":10},"skip":true},"45":{"start":{"line":165,"column":12},"end":{"line":165,"column":25},"skip":true},"46":{"start":{"line":166,"column":12},"end":{"line":166,"column":48},"skip":true},"47":{"start":{"line":169,"column":8},"end":{"line":178,"column":10},"skip":true},"48":{"start":{"line":176,"column":12},"end":{"line":176,"column":25},"skip":true},"49":{"start":{"line":177,"column":12},"end":{"line":177,"column":46},"skip":true},"50":{"start":{"line":180,"column":8},"end":{"line":189,"column":10},"skip":true},"51":{"start":{"line":187,"column":12},"end":{"line":187,"column":94},"skip":true},"52":{"start":{"line":188,"column":12},"end":{"line":188,"column":48},"skip":true},"53":{"start":{"line":192,"column":8},"end":{"line":192,"column":35},"skip":true},"54":{"start":{"line":193,"column":8},"end":{"line":193,"column":14},"skip":true}},"branchMap":{"1":{"line":25,"type":"binary-expr","locations":[{"start":{"line":25,"column":23},"end":{"line":25,"column":62}},{"start":{"line":26,"column":20},"end":{"line":26,"column":70}},{"start":{"line":27,"column":20},"end":{"line":27,"column":71}},{"start":{"line":28,"column":20},"end":{"line":28,"column":29}}]},"2":{"line":30,"type":"binary-expr","locations":[{"start":{"line":30,"column":23},"end":{"line":30,"column":37}},{"start":{"line":31,"column":20},"end":{"line":31,"column":61}},{"start":{"line":32,"column":20},"end":{"line":32,"column":70}},{"start":{"line":33,"column":20},"end":{"line":33,"column":26}}]},"3":{"line":37,"type":"cond-expr","locations":[{"start":{"line":38,"column":14},"end":{"line":38,"column":20}},{"start":{"line":39,"column":14},"end":{"line":39,"column":20}}]},"4":{"line":40,"type":"switch","locations":[{"start":{"line":42,"column":8},"end":{"line":47,"column":18}},{"start":{"line":49,"column":8},"end":{"line":52,"column":18}}]},"5":{"line":44,"type":"binary-expr","locations":[{"start":{"line":44,"column":16},"end":{"line":44,"column":44}},{"start":{"line":44,"column":48},"end":{"line":44,"column":66}}]},"6":{"line":50,"type":"binary-expr","locations":[{"start":{"line":50,"column":21},"end":{"line":50,"column":49}},{"start":{"line":50,"column":53},"end":{"line":50,"column":72}}]},"7":{"line":64,"type":"switch","locations":[{"start":{"line":69,"column":4},"end":{"line":70,"column":14}},{"start":{"line":75,"column":4},"end":{"line":76,"column":14}}]},"8":{"line":85,"type":"switch","locations":[{"start":{"line":90,"column":4},"end":{"line":105,"column":14}},{"start":{"line":111,"column":4},"end":{"line":193,"column":14},"skip":true}]},"9":{"line":91,"type":"binary-expr","locations":[{"start":{"line":91,"column":42},"end":{"line":91,"column":73}},{"start":{"line":91,"column":77},"end":{"line":99,"column":9}}]},"10":{"line":102,"type":"binary-expr","locations":[{"start":{"line":102,"column":18},"end":{"line":102,"column":32}},{"start":{"line":103,"column":12},"end":{"line":103,"column":53}},{"start":{"line":104,"column":12},"end":{"line":104,"column":61}}]},"11":{"line":112,"type":"binary-expr","locations":[{"start":{"line":112,"column":45},"end":{"line":112,"column":79},"skip":true},{"start":{"line":112,"column":83},"end":{"line":121,"column":9},"skip":true}]},"12":{"line":123,"type":"binary-expr","locations":[{"start":{"line":123,"column":42},"end":{"line":123,"column":73},"skip":true},{"start":{"line":123,"column":77},"end":{"line":136,"column":9},"skip":true}]},"13":{"line":138,"type":"binary-expr","locations":[{"start":{"line":138,"column":48},"end":{"line":138,"column":85},"skip":true},{"start":{"line":139,"column":12},"end":{"line":145,"column":13},"skip":true}]},"14":{"line":147,"type":"binary-expr","locations":[{"start":{"line":147,"column":42},"end":{"line":147,"column":73},"skip":true},{"start":{"line":147,"column":77},"end":{"line":156,"column":9},"skip":true}]},"15":{"line":158,"type":"binary-expr","locations":[{"start":{"line":158,"column":45},"end":{"line":158,"column":79},"skip":true},{"start":{"line":158,"column":83},"end":{"line":167,"column":9},"skip":true}]},"16":{"line":169,"type":"binary-expr","locations":[{"start":{"line":169,"column":43},"end":{"line":169,"column":75},"skip":true},{"start":{"line":169,"column":79},"end":{"line":178,"column":9},"skip":true}]},"17":{"line":180,"type":"binary-expr","locations":[{"start":{"line":180,"column":41},"end":{"line":180,"column":71},"skip":true},{"start":{"line":180,"column":75},"end":{"line":189,"column":9},"skip":true}]}},"code":["/* istanbul instrument in package npmtest_node_ios_device */","/*jslint","    bitwise: true,","    browser: true,","    maxerr: 8,","    maxlen: 96,","    node: true,","    nomen: true,","    regexp: true,","    stupid: true","*/","(function () {","    'use strict';","    var local;","","","","    // run shared js-env code - pre-init","    (function () {","        // init local","        local = {};","        // init modeJs","        local.modeJs = (function () {","            try {","                return typeof navigator.userAgent === 'string' &&","                    typeof document.querySelector('body') === 'object' &&","                    typeof XMLHttpRequest.prototype.open === 'function' &&","                    'browser';","            } catch (errorCaughtBrowser) {","                return module.exports &&","                    typeof process.versions.node === 'string' &&","                    typeof require('http').createServer === 'function' &&","                    'node';","            }","        }());","        // init global","        local.global = local.modeJs === 'browser'","            ? window","            : global;","        switch (local.modeJs) {","        // re-init local from window.local","        case 'browser':","            local = local.global.utility2.objectSetDefault(","                local.global.utility2_rollup || local.global.local,","                local.global.utility2","            );","            break;","        // re-init local from example.js","        case 'node':","            local = (local.global.utility2_rollup || require('utility2'))","                .requireReadme();","            break;","        }","        // export local","        local.global.local = local;","    }());","","","","    // run shared js-env code - function","    (function () {","        return;","    }());","    switch (local.modeJs) {","","","","    // run browser js-env code - function","    case 'browser':","        break;","","","","    // run node js-env code - function","    case 'node':","        break;","    }","","","","    // run shared js-env code - post-init","    (function () {","        return;","    }());","    switch (local.modeJs) {","","","","    // run browser js-env code - post-init","    case 'browser':","        local.testCase_browser_nullCase = local.testCase_browser_nullCase || function (","            options,","            onError","        ) {","        /*","         * this function will test browsers's null-case handling-behavior-behavior","         */","            onError(null, options);","        };","","        // run tests","        local.nop(local.modeTest &&","            document.querySelector('#testRunButton1') &&","            document.querySelector('#testRunButton1').click());","        break;","","","","    // run node js-env code - post-init","    /* istanbul ignore next */","    case 'node':","        local.testCase_buildApidoc_default = local.testCase_buildApidoc_default || function (","            options,","            onError","        ) {","        /*","         * this function will test buildApidoc's default handling-behavior-behavior","         */","            options = { modulePathList: module.paths };","            local.buildApidoc(options, onError);","        };","","        local.testCase_buildApp_default = local.testCase_buildApp_default || function (","            options,","            onError","        ) {","        /*","         * this function will test buildApp's default handling-behavior-behavior","         */","            local.testCase_buildReadme_default(options, local.onErrorThrow);","            local.testCase_buildLib_default(options, local.onErrorThrow);","            local.testCase_buildTest_default(options, local.onErrorThrow);","            local.testCase_buildCustomOrg_default(options, local.onErrorThrow);","            options = [];","            local.buildApp(options, onError);","        };","","        local.testCase_buildCustomOrg_default = local.testCase_buildCustomOrg_default ||","            function (options, onError) {","            /*","             * this function will test buildCustomOrg's default handling-behavior","             */","                options = {};","                local.buildCustomOrg(options, onError);","            };","","        local.testCase_buildLib_default = local.testCase_buildLib_default || function (","            options,","            onError","        ) {","        /*","         * this function will test buildLib's default handling-behavior","         */","            options = {};","            local.buildLib(options, onError);","        };","","        local.testCase_buildReadme_default = local.testCase_buildReadme_default || function (","            options,","            onError","        ) {","        /*","         * this function will test buildReadme's default handling-behavior-behavior","         */","            options = {};","            local.buildReadme(options, onError);","        };","","        local.testCase_buildTest_default = local.testCase_buildTest_default || function (","            options,","            onError","        ) {","        /*","         * this function will test buildTest's default handling-behavior","         */","            options = {};","            local.buildTest(options, onError);","        };","","        local.testCase_webpage_default = local.testCase_webpage_default || function (","            options,","            onError","        ) {","        /*","         * this function will test webpage's default handling-behavior","         */","            options = { modeCoverageMerge: true, url: local.serverLocalHost + '?modeTest=1' };","            local.browserTest(options, onError);","        };","","        // run test-server","        local.testRunServer(local);","        break;","    }","}());",""],"l":{"12":2,"14":2,"19":2,"21":2,"23":2,"24":2,"25":2,"30":1,"37":2,"40":2,"43":1,"47":1,"50":1,"52":1,"55":2,"61":2,"62":2,"64":2,"70":1,"76":1,"82":2,"83":2,"85":2,"91":1,"98":1,"102":1,"105":1,"112":1,"119":1,"120":1,"123":1,"130":1,"131":1,"132":1,"133":1,"134":1,"135":1,"138":1,"143":2,"144":2,"147":1,"154":2,"155":2,"158":1,"165":2,"166":2,"169":1,"176":2,"177":2,"180":1,"187":1,"188":1,"192":1,"193":1}},"/home/travis/build/npmtest/node-npmtest-node-ios-device/lib.npmtest_node_ios_device.js":{"path":"/home/travis/build/npmtest/node-npmtest-node-ios-device/lib.npmtest_node_ios_device.js","s":{"1":2,"2":2,"3":2,"4":2,"5":2,"6":2,"7":2,"8":1,"9":2,"10":2,"11":2,"12":2,"13":1,"14":1,"15":1,"16":1},"b":{"1":[2,1,1,1],"2":[1,1,1,1],"3":[1,1],"4":[2,2],"5":[1,1]},"f":{"1":2,"2":2,"3":2},"fnMap":{"1":{"name":"(anonymous_1)","line":12,"loc":{"start":{"line":12,"column":1},"end":{"line":12,"column":13}}},"2":{"name":"(anonymous_2)","line":19,"loc":{"start":{"line":19,"column":5},"end":{"line":19,"column":17}}},"3":{"name":"(anonymous_3)","line":23,"loc":{"start":{"line":23,"column":24},"end":{"line":23,"column":36}}}},"statementMap":{"1":{"start":{"line":12,"column":0},"end":{"line":53,"column":5}},"2":{"start":{"line":14,"column":4},"end":{"line":14,"column":14}},"3":{"start":{"line":19,"column":4},"end":{"line":52,"column":9}},"4":{"start":{"line":21,"column":8},"end":{"line":21,"column":19}},"5":{"start":{"line":23,"column":8},"end":{"line":35,"column":13}},"6":{"start":{"line":24,"column":12},"end":{"line":34,"column":13}},"7":{"start":{"line":25,"column":16},"end":{"line":28,"column":30}},"8":{"start":{"line":30,"column":16},"end":{"line":33,"column":27}},"9":{"start":{"line":37,"column":8},"end":{"line":39,"column":21}},"10":{"start":{"line":41,"column":8},"end":{"line":41,"column":54}},"11":{"start":{"line":43,"column":8},"end":{"line":43,"column":60}},"12":{"start":{"line":45,"column":8},"end":{"line":51,"column":9}},"13":{"start":{"line":46,"column":12},"end":{"line":46,"column":66}},"14":{"start":{"line":48,"column":12},"end":{"line":48,"column":35}},"15":{"start":{"line":49,"column":12},"end":{"line":49,"column":49}},"16":{"start":{"line":50,"column":12},"end":{"line":50,"column":43}}},"branchMap":{"1":{"line":25,"type":"binary-expr","locations":[{"start":{"line":25,"column":23},"end":{"line":25,"column":62}},{"start":{"line":26,"column":20},"end":{"line":26,"column":70}},{"start":{"line":27,"column":20},"end":{"line":27,"column":71}},{"start":{"line":28,"column":20},"end":{"line":28,"column":29}}]},"2":{"line":30,"type":"binary-expr","locations":[{"start":{"line":30,"column":23},"end":{"line":30,"column":37}},{"start":{"line":31,"column":20},"end":{"line":31,"column":61}},{"start":{"line":32,"column":20},"end":{"line":32,"column":70}},{"start":{"line":33,"column":20},"end":{"line":33,"column":26}}]},"3":{"line":37,"type":"cond-expr","locations":[{"start":{"line":38,"column":14},"end":{"line":38,"column":20}},{"start":{"line":39,"column":14},"end":{"line":39,"column":20}}]},"4":{"line":41,"type":"binary-expr","locations":[{"start":{"line":41,"column":16},"end":{"line":41,"column":44}},{"start":{"line":41,"column":48},"end":{"line":41,"column":53}}]},"5":{"line":45,"type":"if","locations":[{"start":{"line":45,"column":8},"end":{"line":45,"column":8}},{"start":{"line":45,"column":8},"end":{"line":45,"column":8}}]}},"code":["/* istanbul instrument in package npmtest_node_ios_device */","/*jslint","    bitwise: true,","    browser: true,","    maxerr: 8,","    maxlen: 96,","    node: true,","    nomen: true,","    regexp: true,","    stupid: true","*/","(function () {","    'use strict';","    var local;","","","","    // run shared js-env code - pre-init","    (function () {","        // init local","        local = {};","        // init modeJs","        local.modeJs = (function () {","            try {","                return typeof navigator.userAgent === 'string' &&","                    typeof document.querySelector('body') === 'object' &&","                    typeof XMLHttpRequest.prototype.open === 'function' &&","                    'browser';","            } catch (errorCaughtBrowser) {","                return module.exports &&","                    typeof process.versions.node === 'string' &&","                    typeof require('http').createServer === 'function' &&","                    'node';","            }","        }());","        // init global","        local.global = local.modeJs === 'browser'","            ? window","            : global;","        // init utility2_rollup","        local = local.global.utility2_rollup || local;","        // init lib","        local.local = local.npmtest_node_ios_device = local;","        // init exports","        if (local.modeJs === 'browser') {","            local.global.utility2_npmtest_node_ios_device = local;","        } else {","            module.exports = local;","            module.exports.__dirname = __dirname;","            module.exports.module = module;","        }","    }());","}());",""],"l":{"12":2,"14":2,"19":2,"21":2,"23":2,"24":2,"25":2,"30":1,"37":2,"41":2,"43":2,"45":2,"46":1,"48":1,"49":1,"50":1}},"/home/travis/build/npmtest/node-npmtest-node-ios-device/example.js":{"path":"/home/travis/build/npmtest/node-npmtest-node-ios-device/example.js","s":{"1":2,"2":2,"3":2,"4":2,"5":2,"6":2,"7":2,"8":1,"9":2,"10":2,"11":2,"12":2,"13":1,"14":2,"15":2,"16":2,"17":2,"18":2,"19":0,"20":2,"21":1,"22":1,"23":1,"24":1,"25":1,"26":0,"27":0,"28":1,"29":1,"30":2,"31":0,"32":0,"33":0,"34":1,"35":2,"36":2,"37":3,"38":3,"39":3,"40":3,"41":0,"42":3,"43":3,"44":3,"45":1,"46":3,"47":1,"48":1,"49":1,"50":1,"51":1,"52":1,"53":1,"54":1,"55":1,"56":1,"57":0,"58":1,"59":6,"60":6,"61":1,"62":2,"63":0,"64":2,"65":1,"66":1,"67":0,"68":0,"69":0,"70":0,"71":0,"72":0,"73":0,"74":0,"75":0,"76":0,"77":0,"78":0,"79":0,"80":0,"81":0,"82":0,"83":0},"b":{"1":[2,1,1,1],"2":[1,1,1,1],"3":[1,1],"4":[2,2],"5":[1,1],"6":[1,1],"7":[2,0],"8":[2,1,1,1,1,1],"9":[0,2,0],"10":[1,1],"11":[2,1,1],"12":[1,0],"13":[0,2],"14":[2,0,0,0,0,0,0],"15":[0,3],"16":[3,0],"17":[1,1],"18":[0,1],"19":[1,2,0,2],"20":[1,0],"21":[1,1],"22":[0,0],"23":[0,0],"24":[0,0],"25":[0,0],"26":[0,0],"27":[0,0],"28":[0,0]},"f":{"1":2,"2":2,"3":2,"4":2,"5":2,"6":2,"7":3,"8":3,"9":3,"10":1,"11":6,"12":0},"fnMap":{"1":{"name":"(anonymous_1)","line":26,"loc":{"start":{"line":26,"column":1},"end":{"line":26,"column":13}}},"2":{"name":"(anonymous_2)","line":33,"loc":{"start":{"line":33,"column":5},"end":{"line":33,"column":17}}},"3":{"name":"(anonymous_3)","line":37,"loc":{"start":{"line":37,"column":24},"end":{"line":37,"column":36}}},"4":{"name":"(anonymous_4)","line":69,"loc":{"start":{"line":69,"column":31},"end":{"line":69,"column":48}},"skip":true},"5":{"name":"(anonymous_5)","line":78,"loc":{"start":{"line":78,"column":26},"end":{"line":78,"column":45}},"skip":true},"6":{"name":"(anonymous_6)","line":123,"loc":{"start":{"line":123,"column":33},"end":{"line":123,"column":48}},"skip":true},"7":{"name":"(anonymous_7)","line":125,"loc":{"start":{"line":125,"column":27},"end":{"line":125,"column":39}},"skip":true},"8":{"name":"(anonymous_8)","line":133,"loc":{"start":{"line":133,"column":59},"end":{"line":133,"column":74}},"skip":true},"9":{"name":"(anonymous_9)","line":143,"loc":{"start":{"line":143,"column":45},"end":{"line":143,"column":62}},"skip":true},"10":{"name":"(anonymous_10)","line":144,"loc":{"start":{"line":144,"column":73},"end":{"line":144,"column":92}},"skip":true},"11":{"name":"(anonymous_11)","line":272,"loc":{"start":{"line":272,"column":51},"end":{"line":272,"column":77}},"skip":true},"12":{"name":"(anonymous_12)","line":315,"loc":{"start":{"line":315,"column":32},"end":{"line":315,"column":61}},"skip":true}},"statementMap":{"1":{"start":{"line":26,"column":0},"end":{"line":326,"column":5}},"2":{"start":{"line":28,"column":4},"end":{"line":28,"column":14}},"3":{"start":{"line":33,"column":4},"end":{"line":60,"column":9}},"4":{"start":{"line":35,"column":8},"end":{"line":35,"column":19}},"5":{"start":{"line":37,"column":8},"end":{"line":49,"column":13}},"6":{"start":{"line":38,"column":12},"end":{"line":48,"column":13}},"7":{"start":{"line":39,"column":16},"end":{"line":42,"column":30}},"8":{"start":{"line":44,"column":16},"end":{"line":47,"column":27}},"9":{"start":{"line":51,"column":8},"end":{"line":53,"column":21}},"10":{"start":{"line":55,"column":8},"end":{"line":57,"column":45}},"11":{"start":{"line":59,"column":8},"end":{"line":59,"column":35}},"12":{"start":{"line":61,"column":4},"end":{"line":325,"column":5}},"13":{"start":{"line":69,"column":8},"end":{"line":121,"column":10},"skip":true},"14":{"start":{"line":70,"column":12},"end":{"line":88,"column":13},"skip":true},"15":{"start":{"line":76,"column":16},"end":{"line":87,"column":19},"skip":true},"16":{"start":{"line":79,"column":20},"end":{"line":86,"column":21},"skip":true},"17":{"start":{"line":82,"column":24},"end":{"line":82,"column":43},"skip":true},"18":{"start":{"line":83,"column":24},"end":{"line":83,"column":30},"skip":true},"19":{"start":{"line":85,"column":24},"end":{"line":85,"column":49},"skip":true},"20":{"start":{"line":89,"column":12},"end":{"line":107,"column":13},"skip":true},"21":{"start":{"line":92,"column":16},"end":{"line":102,"column":17},"skip":true},"22":{"start":{"line":93,"column":20},"end":{"line":93,"column":86},"skip":true},"23":{"start":{"line":94,"column":20},"end":{"line":95,"column":45},"skip":true},"24":{"start":{"line":96,"column":20},"end":{"line":96,"column":42},"skip":true},"25":{"start":{"line":97,"column":20},"end":{"line":97,"column":48},"skip":true},"26":{"start":{"line":100,"column":20},"end":{"line":100,"column":85},"skip":true},"27":{"start":{"line":101,"column":20},"end":{"line":101,"column":96},"skip":true},"28":{"start":{"line":103,"column":16},"end":{"line":103,"column":22},"skip":true},"29":{"start":{"line":106,"column":16},"end":{"line":106,"column":22},"skip":true},"30":{"start":{"line":108,"column":12},"end":{"line":120,"column":13},"skip":true},"31":{"start":{"line":114,"column":16},"end":{"line":119,"column":17},"skip":true},"32":{"start":{"line":116,"column":20},"end":{"line":116,"column":78},"skip":true},"33":{"start":{"line":118,"column":20},"end":{"line":118,"column":47},"skip":true},"34":{"start":{"line":123,"column":8},"end":{"line":141,"column":11},"skip":true},"35":{"start":{"line":124,"column":12},"end":{"line":124,"column":54},"skip":true},"36":{"start":{"line":125,"column":12},"end":{"line":140,"column":14},"skip":true},"37":{"start":{"line":126,"column":16},"end":{"line":126,"column":28},"skip":true},"38":{"start":{"line":127,"column":16},"end":{"line":127,"column":69},"skip":true},"39":{"start":{"line":128,"column":16},"end":{"line":128,"column":75},"skip":true},"40":{"start":{"line":129,"column":16},"end":{"line":131,"column":17},"skip":true},"41":{"start":{"line":130,"column":20},"end":{"line":130,"column":27},"skip":true},"42":{"start":{"line":133,"column":16},"end":{"line":137,"column":36},"skip":true},"43":{"start":{"line":134,"column":20},"end":{"line":136,"column":55},"skip":true},"44":{"start":{"line":139,"column":16},"end":{"line":139,"column":57},"skip":true},"45":{"start":{"line":143,"column":8},"end":{"line":147,"column":11},"skip":true},"46":{"start":{"line":144,"column":12},"end":{"line":146,"column":15},"skip":true},"47":{"start":{"line":145,"column":16},"end":{"line":145,"column":70},"skip":true},"48":{"start":{"line":149,"column":8},"end":{"line":149,"column":31},"skip":true},"49":{"start":{"line":150,"column":8},"end":{"line":150,"column":14},"skip":true},"50":{"start":{"line":158,"column":8},"end":{"line":158,"column":31},"skip":true},"51":{"start":{"line":160,"column":8},"end":{"line":160,"column":33},"skip":true},"52":{"start":{"line":161,"column":8},"end":{"line":161,"column":37},"skip":true},"53":{"start":{"line":162,"column":8},"end":{"line":162,"column":35},"skip":true},"54":{"start":{"line":164,"column":8},"end":{"line":164,"column":50},"skip":true},"55":{"start":{"line":166,"column":8},"end":{"line":256,"column":2},"skip":true},"56":{"start":{"line":258,"column":8},"end":{"line":286,"column":9},"skip":true},"57":{"start":{"line":259,"column":12},"end":{"line":269,"column":14},"skip":true},"58":{"start":{"line":271,"column":12},"end":{"line":285,"column":19},"skip":true},"59":{"start":{"line":274,"column":20},"end":{"line":274,"column":35},"skip":true},"60":{"start":{"line":275,"column":20},"end":{"line":284,"column":21},"skip":true},"61":{"start":{"line":277,"column":24},"end":{"line":277,"column":64},"skip":true},"62":{"start":{"line":279,"column":24},"end":{"line":279,"column":40},"skip":true},"63":{"start":{"line":281,"column":24},"end":{"line":281,"column":40},"skip":true},"64":{"start":{"line":283,"column":24},"end":{"line":283,"column":39},"skip":true},"65":{"start":{"line":288,"column":8},"end":{"line":290,"column":9},"skip":true},"66":{"start":{"line":289,"column":12},"end":{"line":289,"column":18},"skip":true},"67":{"start":{"line":291,"column":8},"end":{"line":293,"column":54},"skip":true},"68":{"start":{"line":296,"column":8},"end":{"line":301,"column":37},"skip":true},"69":{"start":{"line":303,"column":8},"end":{"line":303,"column":82},"skip":true},"70":{"start":{"line":306,"column":8},"end":{"line":308,"column":9},"skip":true},"71":{"start":{"line":307,"column":12},"end":{"line":307,"column":82},"skip":true},"72":{"start":{"line":310,"column":8},"end":{"line":312,"column":9},"skip":true},"73":{"start":{"line":311,"column":12},"end":{"line":311,"column":18},"skip":true},"74":{"start":{"line":313,"column":8},"end":{"line":313,"column":54},"skip":true},"75":{"start":{"line":314,"column":8},"end":{"line":314,"column":69},"skip":true},"76":{"start":{"line":315,"column":8},"end":{"line":323,"column":36},"skip":true},"77":{"start":{"line":316,"column":12},"end":{"line":316,"column":61},"skip":true},"78":{"start":{"line":317,"column":12},"end":{"line":320,"column":13},"skip":true},"79":{"start":{"line":318,"column":16},"end":{"line":318,"column":75},"skip":true},"80":{"start":{"line":319,"column":16},"end":{"line":319,"column":23},"skip":true},"81":{"start":{"line":321,"column":12},"end":{"line":321,"column":38},"skip":true},"82":{"start":{"line":322,"column":12},"end":{"line":322,"column":27},"skip":true},"83":{"start":{"line":324,"column":8},"end":{"line":324,"column":14},"skip":true}},"branchMap":{"1":{"line":39,"type":"binary-expr","locations":[{"start":{"line":39,"column":23},"end":{"line":39,"column":62}},{"start":{"line":40,"column":20},"end":{"line":40,"column":70}},{"start":{"line":41,"column":20},"end":{"line":41,"column":71}},{"start":{"line":42,"column":20},"end":{"line":42,"column":29}}]},"2":{"line":44,"type":"binary-expr","locations":[{"start":{"line":44,"column":23},"end":{"line":44,"column":37}},{"start":{"line":45,"column":20},"end":{"line":45,"column":61}},{"start":{"line":46,"column":20},"end":{"line":46,"column":70}},{"start":{"line":47,"column":20},"end":{"line":47,"column":26}}]},"3":{"line":51,"type":"cond-expr","locations":[{"start":{"line":52,"column":14},"end":{"line":52,"column":20}},{"start":{"line":53,"column":14},"end":{"line":53,"column":20}}]},"4":{"line":55,"type":"binary-expr","locations":[{"start":{"line":55,"column":16},"end":{"line":55,"column":44}},{"start":{"line":55,"column":49},"end":{"line":57,"column":43}}]},"5":{"line":55,"type":"cond-expr","locations":[{"start":{"line":56,"column":14},"end":{"line":56,"column":59}},{"start":{"line":57,"column":14},"end":{"line":57,"column":43}}]},"6":{"line":61,"type":"switch","locations":[{"start":{"line":68,"column":4},"end":{"line":150,"column":14},"skip":true},{"start":{"line":156,"column":4},"end":{"line":324,"column":14},"skip":true}]},"7":{"line":70,"type":"if","locations":[{"start":{"line":70,"column":12},"end":{"line":70,"column":12},"skip":true},{"start":{"line":70,"column":12},"end":{"line":70,"column":12},"skip":true}]},"8":{"line":70,"type":"binary-expr","locations":[{"start":{"line":70,"column":16},"end":{"line":70,"column":22},"skip":true},{"start":{"line":70,"column":27},"end":{"line":70,"column":32},"skip":true},{"start":{"line":71,"column":20},"end":{"line":71,"column":39},"skip":true},{"start":{"line":72,"column":20},"end":{"line":72,"column":49},"skip":true},{"start":{"line":73,"column":20},"end":{"line":73,"column":58},"skip":true},{"start":{"line":74,"column":20},"end":{"line":74,"column":69},"skip":true}]},"9":{"line":79,"type":"switch","locations":[{"start":{"line":80,"column":20},"end":{"line":80,"column":33},"skip":true},{"start":{"line":81,"column":20},"end":{"line":83,"column":30},"skip":true},{"start":{"line":84,"column":20},"end":{"line":85,"column":49},"skip":true}]},"10":{"line":89,"type":"switch","locations":[{"start":{"line":90,"column":12},"end":{"line":103,"column":22},"skip":true},{"start":{"line":105,"column":12},"end":{"line":106,"column":22},"skip":true}]},"11":{"line":89,"type":"binary-expr","locations":[{"start":{"line":89,"column":20},"end":{"line":89,"column":25},"skip":true},{"start":{"line":89,"column":29},"end":{"line":89,"column":48},"skip":true},{"start":{"line":89,"column":52},"end":{"line":89,"column":74},"skip":true}]},"12":{"line":92,"type":"if","locations":[{"start":{"line":92,"column":16},"end":{"line":92,"column":16},"skip":true},{"start":{"line":92,"column":16},"end":{"line":92,"column":16},"skip":true}]},"13":{"line":108,"type":"if","locations":[{"start":{"line":108,"column":12},"end":{"line":108,"column":12},"skip":true},{"start":{"line":108,"column":12},"end":{"line":108,"column":12},"skip":true}]},"14":{"line":108,"type":"binary-expr","locations":[{"start":{"line":108,"column":16},"end":{"line":108,"column":61},"skip":true},{"start":{"line":108,"column":66},"end":{"line":108,"column":72},"skip":true},{"start":{"line":108,"column":77},"end":{"line":108,"column":82},"skip":true},{"start":{"line":109,"column":20},"end":{"line":109,"column":39},"skip":true},{"start":{"line":110,"column":20},"end":{"line":110,"column":49},"skip":true},{"start":{"line":111,"column":20},"end":{"line":111,"column":58},"skip":true},{"start":{"line":112,"column":20},"end":{"line":112,"column":68},"skip":true}]},"15":{"line":129,"type":"if","locations":[{"start":{"line":129,"column":16},"end":{"line":129,"column":16},"skip":true},{"start":{"line":129,"column":16},"end":{"line":129,"column":16},"skip":true}]},"16":{"line":134,"type":"cond-expr","locations":[{"start":{"line":135,"column":26},"end":{"line":135,"column":29},"skip":true},{"start":{"line":136,"column":26},"end":{"line":136,"column":54},"skip":true}]},"17":{"line":164,"type":"binary-expr","locations":[{"start":{"line":164,"column":27},"end":{"line":164,"column":43},"skip":true},{"start":{"line":164,"column":47},"end":{"line":164,"column":49},"skip":true}]},"18":{"line":258,"type":"if","locations":[{"start":{"line":258,"column":8},"end":{"line":258,"column":8},"skip":true},{"start":{"line":258,"column":8},"end":{"line":258,"column":8},"skip":true}]},"19":{"line":275,"type":"switch","locations":[{"start":{"line":276,"column":20},"end":{"line":277,"column":64},"skip":true},{"start":{"line":278,"column":20},"end":{"line":279,"column":40},"skip":true},{"start":{"line":280,"column":20},"end":{"line":281,"column":40},"skip":true},{"start":{"line":282,"column":20},"end":{"line":283,"column":39},"skip":true}]},"20":{"line":288,"type":"if","locations":[{"start":{"line":288,"column":8},"end":{"line":288,"column":8},"skip":true},{"start":{"line":288,"column":8},"end":{"line":288,"column":8},"skip":true}]},"21":{"line":288,"type":"binary-expr","locations":[{"start":{"line":288,"column":12},"end":{"line":288,"column":40},"skip":true},{"start":{"line":288,"column":44},"end":{"line":288,"column":67},"skip":true}]},"22":{"line":292,"type":"binary-expr","locations":[{"start":{"line":292,"column":12},"end":{"line":292,"column":50},"skip":true},{"start":{"line":293,"column":12},"end":{"line":293,"column":53},"skip":true}]},"23":{"line":297,"type":"binary-expr","locations":[{"start":{"line":297,"column":12},"end":{"line":297,"column":73},"skip":true},{"start":{"line":298,"column":12},"end":{"line":301,"column":36},"skip":true}]},"24":{"line":303,"type":"binary-expr","locations":[{"start":{"line":303,"column":43},"end":{"line":303,"column":75},"skip":true},{"start":{"line":303,"column":79},"end":{"line":303,"column":81},"skip":true}]},"25":{"line":306,"type":"if","locations":[{"start":{"line":306,"column":8},"end":{"line":306,"column":8},"skip":true},{"start":{"line":306,"column":8},"end":{"line":306,"column":8},"skip":true}]},"26":{"line":310,"type":"if","locations":[{"start":{"line":310,"column":8},"end":{"line":310,"column":8},"skip":true},{"start":{"line":310,"column":8},"end":{"line":310,"column":8},"skip":true}]},"27":{"line":313,"type":"binary-expr","locations":[{"start":{"line":313,"column":27},"end":{"line":313,"column":43},"skip":true},{"start":{"line":313,"column":47},"end":{"line":313,"column":53},"skip":true}]},"28":{"line":317,"type":"if","locations":[{"start":{"line":317,"column":12},"end":{"line":317,"column":12},"skip":true},{"start":{"line":317,"column":12},"end":{"line":317,"column":12},"skip":true}]}},"code":["/*","example.js","","quickstart example","","instruction","    1. save this script as example.js","    2. run the shell command:","        $ npm install npmtest-node-ios-device && PORT=8081 node example.js","    3. play with the browser-demo on http://127.0.0.1:8081","*/","","","","/* istanbul instrument in package npmtest_node_ios_device */","/*jslint","    bitwise: true,","    browser: true,","    maxerr: 8,","    maxlen: 96,","    node: true,","    nomen: true,","    regexp: true,","    stupid: true","*/","(function () {","    'use strict';","    var local;","","","","    // run shared js-env code - pre-init","    (function () {","        // init local","        local = {};","        // init modeJs","        local.modeJs = (function () {","            try {","                return typeof navigator.userAgent === 'string' &&","                    typeof document.querySelector('body') === 'object' &&","                    typeof XMLHttpRequest.prototype.open === 'function' &&","                    'browser';","            } catch (errorCaughtBrowser) {","                return module.exports &&","                    typeof process.versions.node === 'string' &&","                    typeof require('http').createServer === 'function' &&","                    'node';","            }","        }());","        // init global","        local.global = local.modeJs === 'browser'","            ? window","            : global;","        // init utility2_rollup","        local = local.global.utility2_rollup || (local.modeJs === 'browser'","            ? local.global.utility2_npmtest_node_ios_device","            : global.utility2_moduleExports);","        // export local","        local.global.local = local;","    }());","    switch (local.modeJs) {","","","","    // post-init","    // run browser js-env code - post-init","    /* istanbul ignore next */","    case 'browser':","        local.testRunBrowser = function (event) {","            if (!event || (event &&","                    event.currentTarget &&","                    event.currentTarget.className &&","                    event.currentTarget.className.includes &&","                    event.currentTarget.className.includes('onreset'))) {","                // reset output","                Array.from(","                    document.querySelectorAll('body > .resettable')","                ).forEach(function (element) {","                    switch (element.tagName) {","                    case 'INPUT':","                    case 'TEXTAREA':","                        element.value = '';","                        break;","                    default:","                        element.textContent = '';","                    }","                });","            }","            switch (event && event.currentTarget && event.currentTarget.id) {","            case 'testRunButton1':","                // show tests","                if (document.querySelector('#testReportDiv1').style.display === 'none') {","                    document.querySelector('#testReportDiv1').style.display = 'block';","                    document.querySelector('#testRunButton1').textContent =","                        'hide internal test';","                    local.modeTest = true;","                    local.testRunDefault(local);","                // hide tests","                } else {","                    document.querySelector('#testReportDiv1').style.display = 'none';","                    document.querySelector('#testRunButton1').textContent = 'run internal test';","                }","                break;","            // custom-case","            default:","                break;","            }","            if (document.querySelector('#inputTextareaEval1') && (!event || (event &&","                    event.currentTarget &&","                    event.currentTarget.className &&","                    event.currentTarget.className.includes &&","                    event.currentTarget.className.includes('oneval')))) {","                // try to eval input-code","                try {","                    /*jslint evil: true*/","                    eval(document.querySelector('#inputTextareaEval1').value);","                } catch (errorCaught) {","                    console.error(errorCaught);","                }","            }","        };","        // log stderr and stdout to #outputTextareaStdout1","        ['error', 'log'].forEach(function (key) {","            console[key + '_original'] = console[key];","            console[key] = function () {","                var element;","                console[key + '_original'].apply(console, arguments);","                element = document.querySelector('#outputTextareaStdout1');","                if (!element) {","                    return;","                }","                // append text to #outputTextareaStdout1","                element.value += Array.from(arguments).map(function (arg) {","                    return typeof arg === 'string'","                        ? arg","                        : JSON.stringify(arg, null, 4);","                }).join(' ') + '\\n';","                // scroll textarea to bottom","                element.scrollTop = element.scrollHeight;","            };","        });","        // init event-handling","        ['change', 'click', 'keyup'].forEach(function (event) {","            Array.from(document.querySelectorAll('.on' + event)).forEach(function (element) {","                element.addEventListener(event, local.testRunBrowser);","            });","        });","        // run tests","        local.testRunBrowser();","        break;","","","","    // run node js-env code - post-init","    /* istanbul ignore next */","    case 'node':","        // export local","        module.exports = local;","        // require modules","        local.fs = require('fs');","        local.http = require('http');","        local.url = require('url');","        // init assets","        local.assetsDict = local.assetsDict || {};","        /* jslint-ignore-begin */","        local.assetsDict['/assets.index.template.html'] = '\\","<!doctype html>\\n\\","<html lang=\"en\">\\n\\","<head>\\n\\","<meta charset=\"UTF-8\">\\n\\","<meta name=\"viewport\" content=\"width=device-width, initial-scale=1\">\\n\\","<title>{{env.npm_package_name}} (v{{env.npm_package_version}})</title>\\n\\","<style>\\n\\","/*csslint\\n\\","    box-sizing: false,\\n\\","    universal-selector: false\\n\\","*/\\n\\","* {\\n\\","    box-sizing: border-box;\\n\\","}\\n\\","body {\\n\\","    background: #dde;\\n\\","    font-family: Arial, Helvetica, sans-serif;\\n\\","    margin: 2rem;\\n\\","}\\n\\","body > * {\\n\\","    margin-bottom: 1rem;\\n\\","}\\n\\",".utility2FooterDiv {\\n\\","    margin-top: 20px;\\n\\","    text-align: center;\\n\\","}\\n\\","</style>\\n\\","<style>\\n\\","/*csslint\\n\\","*/\\n\\","textarea {\\n\\","    font-family: monospace;\\n\\","    height: 10rem;\\n\\","    width: 100%;\\n\\","}\\n\\","textarea[readonly] {\\n\\","    background: #ddd;\\n\\","}\\n\\","</style>\\n\\","</head>\\n\\","<body>\\n\\","<!-- utility2-comment\\n\\","<div id=\"ajaxProgressDiv1\" style=\"background: #d00; height: 2px; left: 0; margin: 0; padding: 0; position: fixed; top: 0; transition: background 0.5s, width 1.5s; width: 25%;\"></div>\\n\\","utility2-comment -->\\n\\","<h1>\\n\\","<!-- utility2-comment\\n\\","    <a\\n\\","        {{#if env.npm_package_homepage}}\\n\\","        href=\"{{env.npm_package_homepage}}\"\\n\\","        {{/if env.npm_package_homepage}}\\n\\","        target=\"_blank\"\\n\\","    >\\n\\","utility2-comment -->\\n\\","        {{env.npm_package_name}} (v{{env.npm_package_version}})\\n\\","<!-- utility2-comment\\n\\","    </a>\\n\\","utility2-comment -->\\n\\","</h1>\\n\\","<h3>{{env.npm_package_description}}</h3>\\n\\","<!-- utility2-comment\\n\\","<h4><a download href=\"assets.app.js\">download standalone app</a></h4>\\n\\","<button class=\"onclick onreset\" id=\"testRunButton1\">run internal test</button><br>\\n\\","<div id=\"testReportDiv1\" style=\"display: none;\"></div>\\n\\","utility2-comment -->\\n\\","\\n\\","\\n\\","\\n\\","<label>stderr and stdout</label>\\n\\","<textarea class=\"resettable\" id=\"outputTextareaStdout1\" readonly></textarea>\\n\\","<!-- utility2-comment\\n\\","{{#if isRollup}}\\n\\","<script src=\"assets.app.js\"></script>\\n\\","{{#unless isRollup}}\\n\\","utility2-comment -->\\n\\","<script src=\"assets.utility2.rollup.js\"></script>\\n\\","<script src=\"jsonp.utility2._stateInit?callback=window.utility2._stateInit\"></script>\\n\\","<script src=\"assets.npmtest_node_ios_device.rollup.js\"></script>\\n\\","<script src=\"assets.example.js\"></script>\\n\\","<script src=\"assets.test.js\"></script>\\n\\","<!-- utility2-comment\\n\\","{{/if isRollup}}\\n\\","utility2-comment -->\\n\\","<div class=\"utility2FooterDiv\">\\n\\","    [ this app was created with\\n\\","    <a href=\"https://github.com/kaizhu256/node-utility2\" target=\"_blank\">utility2</a>\\n\\","    ]\\n\\","</div>\\n\\","</body>\\n\\","</html>\\n\\","';","        /* jslint-ignore-end */","        if (local.templateRender) {","            local.assetsDict['/'] = local.templateRender(","                local.assetsDict['/assets.index.template.html'],","                {","                    env: local.objectSetDefault(local.env, {","                        npm_package_description: 'the greatest app in the world!',","                        npm_package_name: 'my-app',","                        npm_package_nameAlias: 'my_app',","                        npm_package_version: '0.0.1'","                    })","                }","            );","        } else {","            local.assetsDict['/'] = local.assetsDict['/assets.index.template.html']","                .replace((/\\{\\{env\\.(\\w+?)\\}\\}/g), function (match0, match1) {","                    // jslint-hack","                    String(match0);","                    switch (match1) {","                    case 'npm_package_description':","                        return 'the greatest app in the world!';","                    case 'npm_package_name':","                        return 'my-app';","                    case 'npm_package_nameAlias':","                        return 'my_app';","                    case 'npm_package_version':","                        return '0.0.1';","                    }","                });","        }","        // run the cli","        if (local.global.utility2_rollup || module !== require.main) {","            break;","        }","        local.assetsDict['/assets.example.js'] =","            local.assetsDict['/assets.example.js'] ||","            local.fs.readFileSync(__filename, 'utf8');","        // bug-workaround - long $npm_package_buildCustomOrg","        /* jslint-ignore-begin */","        local.assetsDict['/assets.npmtest_node_ios_device.rollup.js'] =","            local.assetsDict['/assets.npmtest_node_ios_device.rollup.js'] ||","            local.fs.readFileSync(","                local.npmtest_node_ios_device.__dirname + '/lib.npmtest_node_ios_device.js',","                'utf8'","            ).replace((/^#!/), '//');","        /* jslint-ignore-end */","        local.assetsDict['/favicon.ico'] = local.assetsDict['/favicon.ico'] || '';","        // if $npm_config_timeout_exit exists,","        // then exit this process after $npm_config_timeout_exit ms","        if (Number(process.env.npm_config_timeout_exit)) {","            setTimeout(process.exit, Number(process.env.npm_config_timeout_exit));","        }","        // start server","        if (local.global.utility2_serverHttp1) {","            break;","        }","        process.env.PORT = process.env.PORT || '8081';","        console.error('server starting on port ' + process.env.PORT);","        local.http.createServer(function (request, response) {","            request.urlParsed = local.url.parse(request.url);","            if (local.assetsDict[request.urlParsed.pathname] !== undefined) {","                response.end(local.assetsDict[request.urlParsed.pathname]);","                return;","            }","            response.statusCode = 404;","            response.end();","        }).listen(process.env.PORT);","        break;","    }","}());",""],"l":{"26":2,"28":2,"33":2,"35":2,"37":2,"38":2,"39":2,"44":1,"51":2,"55":2,"59":2,"61":2,"69":1,"70":2,"76":2,"79":2,"82":2,"83":2,"85":1,"89":2,"92":1,"93":1,"94":1,"96":1,"97":1,"100":1,"101":1,"103":1,"106":1,"108":2,"114":1,"116":1,"118":1,"123":1,"124":2,"125":2,"126":3,"127":3,"128":3,"129":3,"130":1,"133":3,"134":3,"139":3,"143":1,"144":3,"145":1,"149":1,"150":1,"158":1,"160":1,"161":1,"162":1,"164":1,"166":1,"258":1,"259":1,"271":1,"274":6,"275":6,"277":1,"279":2,"281":1,"283":2,"288":1,"289":1,"291":1,"296":1,"303":1,"306":1,"307":1,"310":1,"311":1,"313":1,"314":1,"315":1,"316":1,"317":1,"318":1,"319":1,"321":1,"322":1,"324":1}},"/home/travis/build/npmtest/node-npmtest-node-ios-device/node_modules/node-ios-device/ios-device.js":{"path":"/home/travis/build/npmtest/node-npmtest-node-ios-device/node_modules/node-ios-device/ios-device.js","s":{"1":2,"2":2,"3":2,"4":2,"5":0,"6":0,"7":0,"8":0,"9":0,"10":0,"11":0,"12":0,"13":0,"14":0,"15":1,"16":0,"17":0,"18":1,"19":0,"20":0,"21":0,"22":0,"23":0,"24":0,"25":0,"26":0,"27":0,"28":0,"29":0,"30":0,"31":0,"32":0,"33":1,"34":0,"35":0,"36":0,"37":0,"38":0,"39":0,"40":0,"41":0,"42":0,"43":1,"44":0,"45":0,"46":0,"47":0,"48":0,"49":0,"50":0,"51":0,"52":0,"53":0,"54":0,"55":0,"56":0,"57":0,"58":0,"59":0,"60":0,"61":0,"62":0,"63":0,"64":0,"65":0,"66":0,"67":0,"68":0,"69":0,"70":0,"71":0,"72":0,"73":1,"74":0,"75":0,"76":0,"77":0,"78":0,"79":0,"80":0,"81":0,"82":0,"83":0,"84":0,"85":0,"86":0,"87":0,"88":0,"89":0,"90":0,"91":0,"92":0,"93":1,"94":0,"95":0,"96":0,"97":0,"98":0,"99":0,"100":0,"101":0,"102":0,"103":1,"104":0,"105":0,"106":0,"107":0,"108":0,"109":0,"110":0,"111":0,"112":0,"113":0,"114":0,"115":0,"116":0,"117":0,"118":0,"119":0,"120":0,"121":0,"122":0,"123":0,"124":0,"125":0,"126":0,"127":0,"128":0,"129":0,"130":0,"131":0,"132":0,"133":0,"134":0,"135":0},"b":{"1":[0,0],"2":[0,0],"3":[0,0],"4":[0,0],"5":[0,0],"6":[0,0],"7":[0,0],"8":[0,0],"9":[0,0],"10":[0,0],"11":[0,0],"12":[0,0],"13":[0,0],"14":[0,0],"15":[0,0],"16":[0,0,0,0],"17":[0,0],"18":[0,0],"19":[0,0],"20":[0,0],"21":[0,0],"22":[0,0]},"f":{"1":0,"2":0,"3":0,"4":0,"5":0,"6":0,"7":0,"8":0,"9":0,"10":0,"11":0,"12":0,"13":0,"14":0,"15":0,"16":0,"17":0,"18":0,"19":0,"20":0,"21":0,"22":0,"23":0,"24":0,"25":0,"26":0},"fnMap":{"1":{"name":"Handle","line":38,"loc":{"start":{"line":38,"column":0},"end":{"line":38,"column":18}}},"2":{"name":"stop","line":40,"loc":{"start":{"line":40,"column":24},"end":{"line":40,"column":40}}},"3":{"name":"initBinding","line":50,"loc":{"start":{"line":50,"column":0},"end":{"line":50,"column":31}}},"4":{"name":"(anonymous_4)","line":52,"loc":{"start":{"line":52,"column":22},"end":{"line":52,"column":34}}},"5":{"name":"(anonymous_5)","line":63,"loc":{"start":{"line":63,"column":49},"end":{"line":63,"column":77}}},"6":{"name":"devices","line":83,"loc":{"start":{"line":83,"column":0},"end":{"line":83,"column":27}}},"7":{"name":"(anonymous_7)","line":84,"loc":{"start":{"line":84,"column":13},"end":{"line":84,"column":28}}},"8":{"name":"(anonymous_8)","line":92,"loc":{"start":{"line":92,"column":18},"end":{"line":92,"column":42}}},"9":{"name":"trackDevices","line":107,"loc":{"start":{"line":107,"column":0},"end":{"line":107,"column":24}}},"10":{"name":"(anonymous_10)","line":110,"loc":{"start":{"line":110,"column":24},"end":{"line":110,"column":36}}},"11":{"name":"(anonymous_11)","line":113,"loc":{"start":{"line":113,"column":19},"end":{"line":113,"column":43}}},"12":{"name":"stop","line":124,"loc":{"start":{"line":124,"column":15},"end":{"line":124,"column":31}}},"13":{"name":"(anonymous_13)","line":134,"loc":{"start":{"line":134,"column":13},"end":{"line":134,"column":28}}},"14":{"name":"(anonymous_14)","line":142,"loc":{"start":{"line":142,"column":18},"end":{"line":142,"column":42}}},"15":{"name":"installApp","line":165,"loc":{"start":{"line":165,"column":0},"end":{"line":165,"column":45}}},"16":{"name":"(anonymous_16)","line":166,"loc":{"start":{"line":166,"column":13},"end":{"line":166,"column":28}}},"17":{"name":"(anonymous_17)","line":191,"loc":{"start":{"line":191,"column":37},"end":{"line":191,"column":52}}},"18":{"name":"log","line":211,"loc":{"start":{"line":211,"column":0},"end":{"line":211,"column":25}}},"19":{"name":"(anonymous_19)","line":219,"loc":{"start":{"line":219,"column":14},"end":{"line":219,"column":29}}},"20":{"name":"tryStartLogRelay","line":225,"loc":{"start":{"line":225,"column":1},"end":{"line":225,"column":29}}},"21":{"name":"(anonymous_21)","line":235,"loc":{"start":{"line":235,"column":24},"end":{"line":235,"column":41}}},"22":{"name":"(anonymous_22)","line":243,"loc":{"start":{"line":243,"column":17},"end":{"line":243,"column":36}}},"23":{"name":"(anonymous_23)","line":244,"loc":{"start":{"line":244,"column":45},"end":{"line":244,"column":60}}},"24":{"name":"(anonymous_24)","line":246,"loc":{"start":{"line":246,"column":20},"end":{"line":246,"column":35}}},"25":{"name":"(anonymous_25)","line":258,"loc":{"start":{"line":258,"column":15},"end":{"line":258,"column":30}}},"26":{"name":"stop","line":263,"loc":{"start":{"line":263,"column":15},"end":{"line":263,"column":31}}}},"statementMap":{"1":{"start":{"line":16,"column":0},"end":{"line":16,"column":48}},"2":{"start":{"line":17,"column":0},"end":{"line":17,"column":50}},"3":{"start":{"line":18,"column":0},"end":{"line":18,"column":23}},"4":{"start":{"line":19,"column":0},"end":{"line":19,"column":40}},"5":{"start":{"line":20,"column":0},"end":{"line":20,"column":27}},"6":{"start":{"line":21,"column":0},"end":{"line":21,"column":27}},"7":{"start":{"line":23,"column":0},"end":{"line":23,"column":12}},"8":{"start":{"line":24,"column":0},"end":{"line":24,"column":20}},"9":{"start":{"line":25,"column":0},"end":{"line":25,"column":31}},"10":{"start":{"line":27,"column":0},"end":{"line":27,"column":27}},"11":{"start":{"line":29,"column":0},"end":{"line":29,"column":33}},"12":{"start":{"line":30,"column":0},"end":{"line":30,"column":43}},"13":{"start":{"line":31,"column":0},"end":{"line":31,"column":39}},"14":{"start":{"line":32,"column":0},"end":{"line":32,"column":25}},"15":{"start":{"line":38,"column":0},"end":{"line":38,"column":20}},"16":{"start":{"line":39,"column":0},"end":{"line":39,"column":36}},"17":{"start":{"line":40,"column":0},"end":{"line":42,"column":2}},"18":{"start":{"line":50,"column":0},"end":{"line":76,"column":1}},"19":{"start":{"line":51,"column":1},"end":{"line":55,"column":2}},"20":{"start":{"line":52,"column":2},"end":{"line":54,"column":5}},"21":{"start":{"line":53,"column":3},"end":{"line":53,"column":60}},"22":{"start":{"line":57,"column":1},"end":{"line":59,"column":2}},"23":{"start":{"line":58,"column":2},"end":{"line":58,"column":32}},"24":{"start":{"line":61,"column":1},"end":{"line":61,"column":31}},"25":{"start":{"line":63,"column":1},"end":{"line":75,"column":4}},"26":{"start":{"line":64,"column":2},"end":{"line":66,"column":3}},"27":{"start":{"line":65,"column":3},"end":{"line":65,"column":24}},"28":{"start":{"line":68,"column":2},"end":{"line":68,"column":43}},"29":{"start":{"line":69,"column":2},"end":{"line":69,"column":33}},"30":{"start":{"line":71,"column":2},"end":{"line":71,"column":60}},"31":{"start":{"line":72,"column":2},"end":{"line":72,"column":30}},"32":{"start":{"line":74,"column":2},"end":{"line":74,"column":13}},"33":{"start":{"line":83,"column":0},"end":{"line":99,"column":1}},"34":{"start":{"line":84,"column":1},"end":{"line":98,"column":4}},"35":{"start":{"line":85,"column":2},"end":{"line":87,"column":3}},"36":{"start":{"line":86,"column":3},"end":{"line":86,"column":24}},"37":{"start":{"line":89,"column":2},"end":{"line":89,"column":37}},"38":{"start":{"line":90,"column":2},"end":{"line":90,"column":16}},"39":{"start":{"line":92,"column":2},"end":{"line":97,"column":5}},"40":{"start":{"line":93,"column":3},"end":{"line":93,"column":26}},"41":{"start":{"line":94,"column":3},"end":{"line":96,"column":4}},"42":{"start":{"line":95,"column":4},"end":{"line":95,"column":22}},"43":{"start":{"line":107,"column":0},"end":{"line":156,"column":1}},"44":{"start":{"line":108,"column":1},"end":{"line":108,"column":25}},"45":{"start":{"line":109,"column":1},"end":{"line":109,"column":21}},"46":{"start":{"line":110,"column":1},"end":{"line":122,"column":3}},"47":{"start":{"line":111,"column":2},"end":{"line":121,"column":3}},"48":{"start":{"line":112,"column":3},"end":{"line":112,"column":46}},"49":{"start":{"line":113,"column":3},"end":{"line":120,"column":6}},"50":{"start":{"line":114,"column":4},"end":{"line":119,"column":5}},"51":{"start":{"line":115,"column":5},"end":{"line":115,"column":19}},"52":{"start":{"line":116,"column":5},"end":{"line":116,"column":31}},"53":{"start":{"line":118,"column":5},"end":{"line":118,"column":37}},"54":{"start":{"line":124,"column":1},"end":{"line":132,"column":3}},"55":{"start":{"line":125,"column":2},"end":{"line":131,"column":3}},"56":{"start":{"line":126,"column":3},"end":{"line":126,"column":19}},"57":{"start":{"line":127,"column":3},"end":{"line":127,"column":62}},"58":{"start":{"line":128,"column":3},"end":{"line":130,"column":4}},"59":{"start":{"line":129,"column":4},"end":{"line":129,"column":22}},"60":{"start":{"line":134,"column":1},"end":{"line":153,"column":4}},"61":{"start":{"line":135,"column":2},"end":{"line":137,"column":3}},"62":{"start":{"line":136,"column":3},"end":{"line":136,"column":36}},"63":{"start":{"line":139,"column":2},"end":{"line":139,"column":16}},"64":{"start":{"line":140,"column":2},"end":{"line":140,"column":17}},"65":{"start":{"line":142,"column":2},"end":{"line":149,"column":5}},"66":{"start":{"line":143,"column":3},"end":{"line":148,"column":4}},"67":{"start":{"line":144,"column":4},"end":{"line":144,"column":18}},"68":{"start":{"line":145,"column":4},"end":{"line":145,"column":30}},"69":{"start":{"line":147,"column":4},"end":{"line":147,"column":36}},"70":{"start":{"line":151,"column":2},"end":{"line":151,"column":49}},"71":{"start":{"line":152,"column":2},"end":{"line":152,"column":19}},"72":{"start":{"line":155,"column":1},"end":{"line":155,"column":15}},"73":{"start":{"line":165,"column":0},"end":{"line":201,"column":1}},"74":{"start":{"line":166,"column":1},"end":{"line":200,"column":4}},"75":{"start":{"line":167,"column":2},"end":{"line":169,"column":3}},"76":{"start":{"line":168,"column":3},"end":{"line":168,"column":24}},"77":{"start":{"line":171,"column":2},"end":{"line":171,"column":34}},"78":{"start":{"line":173,"column":2},"end":{"line":179,"column":3}},"79":{"start":{"line":174,"column":3},"end":{"line":176,"column":4}},"80":{"start":{"line":175,"column":4},"end":{"line":175,"column":73}},"81":{"start":{"line":178,"column":3},"end":{"line":178,"column":68}},"82":{"start":{"line":181,"column":2},"end":{"line":185,"column":3}},"83":{"start":{"line":182,"column":3},"end":{"line":182,"column":46}},"84":{"start":{"line":184,"column":3},"end":{"line":184,"column":72}},"85":{"start":{"line":187,"column":2},"end":{"line":187,"column":16}},"86":{"start":{"line":188,"column":2},"end":{"line":188,"column":19}},"87":{"start":{"line":190,"column":2},"end":{"line":199,"column":4}},"88":{"start":{"line":191,"column":3},"end":{"line":196,"column":6}},"89":{"start":{"line":192,"column":4},"end":{"line":192,"column":18}},"90":{"start":{"line":193,"column":4},"end":{"line":195,"column":5}},"91":{"start":{"line":194,"column":5},"end":{"line":194,"column":23}},"92":{"start":{"line":198,"column":3},"end":{"line":198,"column":22}},"93":{"start":{"line":211,"column":0},"end":{"line":284,"column":1}},"94":{"start":{"line":212,"column":1},"end":{"line":214,"column":2}},"95":{"start":{"line":213,"column":2},"end":{"line":213,"column":63}},"96":{"start":{"line":216,"column":1},"end":{"line":216,"column":25}},"97":{"start":{"line":217,"column":1},"end":{"line":217,"column":21}},"98":{"start":{"line":218,"column":1},"end":{"line":218,"column":68}},"99":{"start":{"line":219,"column":1},"end":{"line":221,"column":3}},"100":{"start":{"line":220,"column":2},"end":{"line":220,"column":26}},"101":{"start":{"line":222,"column":1},"end":{"line":222,"column":29}},"102":{"start":{"line":223,"column":1},"end":{"line":223,"column":18}},"103":{"start":{"line":225,"column":1},"end":{"line":233,"column":2}},"104":{"start":{"line":226,"column":2},"end":{"line":232,"column":3}},"105":{"start":{"line":227,"column":3},"end":{"line":227,"column":37}},"106":{"start":{"line":228,"column":3},"end":{"line":228,"column":18}},"107":{"start":{"line":229,"column":3},"end":{"line":229,"column":30}},"108":{"start":{"line":231,"column":3},"end":{"line":231,"column":45}},"109":{"start":{"line":235,"column":1},"end":{"line":240,"column":4}},"110":{"start":{"line":236,"column":2},"end":{"line":239,"column":3}},"111":{"start":{"line":237,"column":3},"end":{"line":237,"column":27}},"112":{"start":{"line":238,"column":3},"end":{"line":238,"column":34}},"113":{"start":{"line":242,"column":1},"end":{"line":261,"column":5}},"114":{"start":{"line":244,"column":3},"end":{"line":244,"column":94}},"115":{"start":{"line":244,"column":62},"end":{"line":244,"column":78}},"116":{"start":{"line":245,"column":3},"end":{"line":245,"column":23}},"117":{"start":{"line":246,"column":3},"end":{"line":256,"column":4}},"118":{"start":{"line":246,"column":37},"end":{"line":246,"column":62}},"119":{"start":{"line":247,"column":4},"end":{"line":247,"column":23}},"120":{"start":{"line":248,"column":10},"end":{"line":256,"column":4}},"121":{"start":{"line":250,"column":4},"end":{"line":250,"column":37}},"122":{"start":{"line":251,"column":4},"end":{"line":251,"column":30}},"123":{"start":{"line":254,"column":4},"end":{"line":254,"column":18}},"124":{"start":{"line":255,"column":4},"end":{"line":255,"column":77}},"125":{"start":{"line":259,"column":3},"end":{"line":259,"column":17}},"126":{"start":{"line":260,"column":3},"end":{"line":260,"column":29}},"127":{"start":{"line":263,"column":1},"end":{"line":281,"column":3}},"128":{"start":{"line":264,"column":2},"end":{"line":264,"column":18}},"129":{"start":{"line":265,"column":2},"end":{"line":265,"column":22}},"130":{"start":{"line":266,"column":2},"end":{"line":266,"column":42}},"131":{"start":{"line":268,"column":2},"end":{"line":278,"column":3}},"132":{"start":{"line":269,"column":3},"end":{"line":277,"column":4}},"133":{"start":{"line":274,"column":4},"end":{"line":274,"column":37}},"134":{"start":{"line":280,"column":2},"end":{"line":280,"column":21}},"135":{"start":{"line":283,"column":1},"end":{"line":283,"column":15}}},"branchMap":{"1":{"line":51,"type":"if","locations":[{"start":{"line":51,"column":1},"end":{"line":51,"column":1}},{"start":{"line":51,"column":1},"end":{"line":51,"column":1}}]},"2":{"line":57,"type":"if","locations":[{"start":{"line":57,"column":1},"end":{"line":57,"column":1}},{"start":{"line":57,"column":1},"end":{"line":57,"column":1}}]},"3":{"line":64,"type":"if","locations":[{"start":{"line":64,"column":2},"end":{"line":64,"column":2}},{"start":{"line":64,"column":2},"end":{"line":64,"column":2}}]},"4":{"line":85,"type":"if","locations":[{"start":{"line":85,"column":2},"end":{"line":85,"column":2}},{"start":{"line":85,"column":2},"end":{"line":85,"column":2}}]},"5":{"line":94,"type":"if","locations":[{"start":{"line":94,"column":3},"end":{"line":94,"column":3}},{"start":{"line":94,"column":3},"end":{"line":94,"column":3}}]},"6":{"line":111,"type":"if","locations":[{"start":{"line":111,"column":2},"end":{"line":111,"column":2}},{"start":{"line":111,"column":2},"end":{"line":111,"column":2}}]},"7":{"line":114,"type":"if","locations":[{"start":{"line":114,"column":4},"end":{"line":114,"column":4}},{"start":{"line":114,"column":4},"end":{"line":114,"column":4}}]},"8":{"line":125,"type":"if","locations":[{"start":{"line":125,"column":2},"end":{"line":125,"column":2}},{"start":{"line":125,"column":2},"end":{"line":125,"column":2}}]},"9":{"line":128,"type":"if","locations":[{"start":{"line":128,"column":3},"end":{"line":128,"column":3}},{"start":{"line":128,"column":3},"end":{"line":128,"column":3}}]},"10":{"line":135,"type":"if","locations":[{"start":{"line":135,"column":2},"end":{"line":135,"column":2}},{"start":{"line":135,"column":2},"end":{"line":135,"column":2}}]},"11":{"line":143,"type":"if","locations":[{"start":{"line":143,"column":3},"end":{"line":143,"column":3}},{"start":{"line":143,"column":3},"end":{"line":143,"column":3}}]},"12":{"line":167,"type":"if","locations":[{"start":{"line":167,"column":2},"end":{"line":167,"column":2}},{"start":{"line":167,"column":2},"end":{"line":167,"column":2}}]},"13":{"line":174,"type":"if","locations":[{"start":{"line":174,"column":3},"end":{"line":174,"column":3}},{"start":{"line":174,"column":3},"end":{"line":174,"column":3}}]},"14":{"line":193,"type":"if","locations":[{"start":{"line":193,"column":4},"end":{"line":193,"column":4}},{"start":{"line":193,"column":4},"end":{"line":193,"column":4}}]},"15":{"line":212,"type":"if","locations":[{"start":{"line":212,"column":1},"end":{"line":212,"column":1}},{"start":{"line":212,"column":1},"end":{"line":212,"column":1}}]},"16":{"line":212,"type":"binary-expr","locations":[{"start":{"line":212,"column":5},"end":{"line":212,"column":32}},{"start":{"line":212,"column":37},"end":{"line":212,"column":61}},{"start":{"line":212,"column":65},"end":{"line":212,"column":73}},{"start":{"line":212,"column":77},"end":{"line":212,"column":89}}]},"17":{"line":218,"type":"cond-expr","locations":[{"start":{"line":218,"column":23},"end":{"line":218,"column":47}},{"start":{"line":218,"column":50},"end":{"line":218,"column":59}}]},"18":{"line":236,"type":"if","locations":[{"start":{"line":236,"column":2},"end":{"line":236,"column":2}},{"start":{"line":236,"column":2},"end":{"line":236,"column":2}}]},"19":{"line":246,"type":"if","locations":[{"start":{"line":246,"column":3},"end":{"line":246,"column":3}},{"start":{"line":246,"column":3},"end":{"line":246,"column":3}}]},"20":{"line":248,"type":"if","locations":[{"start":{"line":248,"column":10},"end":{"line":248,"column":10}},{"start":{"line":248,"column":10},"end":{"line":248,"column":10}}]},"21":{"line":268,"type":"if","locations":[{"start":{"line":268,"column":2},"end":{"line":268,"column":2}},{"start":{"line":268,"column":2},"end":{"line":268,"column":2}}]},"22":{"line":268,"type":"binary-expr","locations":[{"start":{"line":268,"column":6},"end":{"line":268,"column":31}},{"start":{"line":268,"column":35},"end":{"line":268,"column":71}}]}},"code":["/**"," * Public API for the node-ios-device library."," *"," * @module ios-device"," *"," * @copyright"," * Copyright (c) 2012-2016 by Appcelerator, Inc. All Rights Reserved."," *"," * @license"," * Licensed under the terms of the Apache Public License"," * Please see the LICENSE included with this distribution for details."," */","","'use strict';","","var debug = require('debug')('node-ios-device');","var EventEmitter = require('events').EventEmitter;","var fs = require('fs');","var init = require('node-pre-gyp-init');","var path = require('path');","var util = require('util');","","var binding;","var activeCalls = 0;","var emitter = new EventEmitter;","","emitter.on('debug', debug);","","module.exports.devices = devices;","module.exports.trackDevices = trackDevices;","module.exports.installApp = installApp;","module.exports.log = log;","","/**"," * Exposes both an event emitter API and a `stop()` method for canceling long"," * running functions such as `trackDevices()` and `log()`."," */","function Handle() {}","util.inherits(Handle, EventEmitter);","Handle.prototype.stop = function stop() {","\t// meant to be overwritten","};","","/**"," * Internal helper function that initializes the node-ios-device binding."," *"," * @param {Function} callback - A function to call after node-ios-device has"," * been loaded and initialized."," */","function initBinding(callback) {","\tif (process.platform !== 'darwin') {","\t\treturn setImmediate(function () {","\t\t\tcallback(new Error(process.platform + ' not supported'));","\t\t});","\t}","","\tif (binding) {","\t\treturn setImmediate(callback);","\t}","","\tdebug('Initializing binding');","","\tinit(path.resolve(__dirname, './package.json'), function (err, bindingPath) {","\t\tif (err) {","\t\t\treturn callback(err);","\t\t}","","\t\tdebug('Loading binding: ' + bindingPath);","\t\tbinding = require(bindingPath);","","\t\tdebug('Initializing node-ios-device and setting emitter');","\t\tbinding.initialize(emitter);","","\t\tcallback();","\t});","}","","/**"," * Retrieves an array of all connected iOS devices."," *"," * @param {Function} callback(err, devices) - A function to call with the connected devices."," */","function devices(callback) {","\tinitBinding(function (err) {","\t\tif (err) {","\t\t\treturn callback(err);","\t\t}","","\t\tdebug('Calling binding.devices()');","\t\tactiveCalls++;","","\t\tbinding.devices(function (err, devices) {","\t\t\tcallback(err, devices);","\t\t\tif (--activeCalls === 0) {","\t\t\t\tbinding.suspend();","\t\t\t}","\t\t});","\t});","}","","/**"," * Continuously retrieves an array of all connected iOS devices. Whenever a"," * device is connected or disconnected, the specified callback is fired."," *"," * @returns {Handle} A handle that emits a `log` event and `stop()` method."," */","function trackDevices() {","\tvar handle = new Handle;","\tvar running = false;","\tvar onDevicesChanged = function () {","\t\tif (running) {","\t\t\tdebug('Devices changed, calling callback');","\t\t\tbinding.devices(function (err, devices) {","\t\t\t\tif (err) {","\t\t\t\t\thandle.stop();","\t\t\t\t\thandle.emit('error', err);","\t\t\t\t} else {","\t\t\t\t\thandle.emit('devices', devices);","\t\t\t\t}","\t\t\t});","\t\t}","\t};","","\thandle.stop = function stop() {","\t\tif (running) {","\t\t\trunning = false;","\t\t\temitter.removeListener('devicesChanged', onDevicesChanged);","\t\t\tif (--activeCalls === 0) {","\t\t\t\tbinding.suspend();","\t\t\t}","\t\t}","\t};","","\tinitBinding(function (err) {","\t\tif (err) {","\t\t\treturn handle.emit('error', err);","\t\t}","","\t\tactiveCalls++;","\t\trunning = true;","","\t\tbinding.devices(function (err, devices) {","\t\t\tif (err) {","\t\t\t\thandle.stop();","\t\t\t\thandle.emit('error', err);","\t\t\t} else {","\t\t\t\thandle.emit('devices', devices);","\t\t\t}","\t\t});","","\t\temitter.on('devicesChanged', onDevicesChanged);","\t\tbinding.resume();","\t});","","\treturn handle;","}","","/**"," * Installs an iOS app on the specified device."," *"," * @param {String} udid - The device udid to install the app to."," * @param {String} appPath - The path to iOS .app directory to install."," * @param {Function} callback(err) - A function to call when the install finishes."," */","function installApp(udid, appPath, callback) {","\tinitBinding(function (err) {","\t\tif (err) {","\t\t\treturn callback(err);","\t\t}","","\t\tappPath = path.resolve(appPath);","","\t\ttry {","\t\t\tif (!fs.statSync(appPath).isDirectory()) {","\t\t\t\treturn callback(new Error('Specified .app path is not a valid app'));","\t\t\t}","\t\t} catch (e) {","\t\t\treturn callback(new Error('Specified .app path does not exist'));","\t\t}","","\t\ttry {","\t\t\tfs.statSync(path.join(appPath, 'PkgInfo'));","\t\t} catch (e) {","\t\t\treturn callback(new Error('Specified .app path is not a valid app'));","\t\t}","","\t\tactiveCalls++;","\t\tbinding.resume();","","\t\ttry {","\t\t\tbinding.installApp(udid, appPath, function (err) {","\t\t\t\tcallback(err);","\t\t\t\tif (--activeCalls === 0) {","\t\t\t\t\tbinding.suspend();","\t\t\t\t}","\t\t\t});","\t\t} catch (e) {","\t\t\treturn callback(e);"," \t\t}","\t});","}","","/**"," * Forwards the specified iOS device's log messages."," *"," * @param {String} udid - The device udid to forward log messages."," * @param {Number} [port] - An optional port number to connect to on the device,"," * otherwise assumes syslog."," * @returns {Handle} A handle that emits a `log` event and `stop()` method."," */","function log(udid, port) {","\tif (typeof port !== 'undefined' && (typeof port !== 'number' || port < 1 || port > 65535)) {","\t\tthrow new Error('Port must be a number between 1 and 65535');","\t}","","\tvar handle = new Handle;","\tvar running = false;","\tvar evtName = (port ? 'LOG_PORT_' + port + '_' : 'SYSLOG_') + udid;","\tvar emitFn = function (msg) {","\t\thandle.emit('log', msg);","\t};","\temitter.on(evtName, emitFn);","\tvar timer = null;","","\tfunction tryStartLogRelay() {","\t\ttry {","\t\t\tbinding.startLogRelay(udid, port);","\t\t\trunning = true;","\t\t\thandle.emit('app-started');","\t\t} catch (e) {","\t\t\ttimer = setTimeout(tryStartLogRelay, 250);","\t\t}","\t};","","\temitter.on('app-quit', function (_port) {","\t\tif (~~_port === port) {","\t\t\thandle.emit('app-quit');","\t\t\tsetImmediate(tryStartLogRelay);","\t\t}","\t});","","\tvar trackHandle = trackDevices()","\t\t.on('devices', function (devices) {","\t\t\tdebug('Connected devices: ' + devices.map(function (dev) { return dev.udid; }).join(', '));","\t\t\tclearTimeout(timer);","\t\t\tif (devices.some(function (dev) { return dev.udid === udid; })) {","\t\t\t\ttryStartLogRelay();","\t\t\t} else if (running) {","\t\t\t\t// device was disconnected","\t\t\t\tdebug('Device was disconnected');","\t\t\t\thandle.emit('disconnect');","\t\t\t} else {","\t\t\t\t// device was never connected","\t\t\t\thandle.stop();","\t\t\t\thandle.emit('error', new Error('Device \\'' + udid + '\\' not connected'));","\t\t\t}","\t\t})","\t\t.on('error', function (err) {","\t\t\thandle.stop();","\t\t\thandle.emit('error', err);","\t\t});","","\thandle.stop = function stop() {","\t\trunning = false;","\t\tclearTimeout(timer);","\t\temitter.removeListener(evtName, emitFn);","","\t\tif (!emitter._events[evtName] || emitter._events[evtName].length <= 0) {","\t\t\ttry {","\t\t\t\t// if the device has been disconnected before this stop()","\t\t\t\t// function has been called, then node-ios-device will throw an","\t\t\t\t// error that it can't stop relaying the log since the device","\t\t\t\t// has been disconnected","\t\t\t\tbinding.stopLogRelay(udid, port);","\t\t\t} catch (e) {","\t\t\t\t// squeltch","\t\t\t}","\t\t}","","\t\ttrackHandle.stop();","\t};","","\treturn handle;","}",""],"l":{"16":2,"17":2,"18":2,"19":2,"20":0,"21":0,"23":0,"24":0,"25":0,"27":0,"29":0,"30":0,"31":0,"32":0,"38":1,"39":0,"40":0,"50":1,"51":0,"52":0,"53":0,"57":0,"58":0,"61":0,"63":0,"64":0,"65":0,"68":0,"69":0,"71":0,"72":0,"74":0,"83":1,"84":0,"85":0,"86":0,"89":0,"90":0,"92":0,"93":0,"94":0,"95":0,"107":1,"108":0,"109":0,"110":0,"111":0,"112":0,"113":0,"114":0,"115":0,"116":0,"118":0,"124":0,"125":0,"126":0,"127":0,"128":0,"129":0,"134":0,"135":0,"136":0,"139":0,"140":0,"142":0,"143":0,"144":0,"145":0,"147":0,"151":0,"152":0,"155":0,"165":1,"166":0,"167":0,"168":0,"171":0,"173":0,"174":0,"175":0,"178":0,"181":0,"182":0,"184":0,"187":0,"188":0,"190":0,"191":0,"192":0,"193":0,"194":0,"198":0,"211":1,"212":0,"213":0,"216":0,"217":0,"218":0,"219":0,"220":0,"222":0,"223":0,"225":1,"226":0,"227":0,"228":0,"229":0,"231":0,"235":0,"236":0,"237":0,"238":0,"242":0,"244":0,"245":0,"246":0,"247":0,"248":0,"250":0,"251":0,"254":0,"255":0,"259":0,"260":0,"263":0,"264":0,"265":0,"266":0,"268":0,"269":0,"274":0,"280":0,"283":0}},"/home/travis/build/npmtest/node-npmtest-node-ios-device/node_modules/node-ios-device/node_modules/debug/src/index.js":{"path":"/home/travis/build/npmtest/node-npmtest-node-ios-device/node_modules/node-ios-device/node_modules/debug/src/index.js","s":{"1":1,"2":0,"3":1},"b":{"1":[0,1],"2":[1,1]},"f":{},"fnMap":{},"statementMap":{"1":{"start":{"line":6,"column":0},"end":{"line":10,"column":1}},"2":{"start":{"line":7,"column":2},"end":{"line":7,"column":43}},"3":{"start":{"line":9,"column":2},"end":{"line":9,"column":40}}},"branchMap":{"1":{"line":6,"type":"if","locations":[{"start":{"line":6,"column":0},"end":{"line":6,"column":0}},{"start":{"line":6,"column":0},"end":{"line":6,"column":0}}]},"2":{"line":6,"type":"binary-expr","locations":[{"start":{"line":6,"column":4},"end":{"line":6,"column":34}},{"start":{"line":6,"column":38},"end":{"line":6,"column":65}}]}},"code":["/**"," * Detect Electron renderer process, which is node, but we should"," * treat as a browser."," */","","if (typeof process !== 'undefined' && process.type === 'renderer') {","  module.exports = require('./browser.js');","} else {","  module.exports = require('./node.js');","}",""],"l":{"6":1,"7":0,"9":1}},"/home/travis/build/npmtest/node-npmtest-node-ios-device/node_modules/node-ios-device/node_modules/debug/src/node.js":{"path":"/home/travis/build/npmtest/node-npmtest-node-ios-device/node_modules/node-ios-device/node_modules/debug/src/node.js","s":{"1":1,"2":1,"3":1,"4":1,"5":1,"6":1,"7":1,"8":1,"9":1,"10":1,"11":1,"12":266,"13":0,"14":0,"15":0,"16":0,"17":0,"18":0,"19":0,"20":0,"21":0,"22":0,"23":0,"24":0,"25":1,"26":1,"27":0,"28":1,"29":1,"30":2,"31":1,"32":0,"33":0,"34":1,"35":0,"36":0,"37":1,"38":0,"39":0,"40":0,"41":0,"42":0,"43":0,"44":0,"45":0,"46":1,"47":0,"48":1,"49":1,"50":1,"51":0,"52":1,"53":1,"54":1,"55":0,"56":0,"57":0,"58":0,"59":0,"60":0,"61":0,"62":0,"63":0,"64":0,"65":0,"66":0,"67":0,"68":0,"69":0,"70":0,"71":0,"72":0,"73":0,"74":0,"75":0,"76":0,"77":0,"78":0,"79":1,"80":2,"81":1},"b":{"1":[0,0],"2":[0,0],"3":[0,0],"4":[1,1],"5":[0,1],"6":[1,1],"7":[0,1],"8":[1,0],"9":[0,2],"10":[0,0],"11":[1,0],"12":[0,0,0,0,0],"13":[0,0],"14":[0,0],"15":[0,0],"16":[0,0]},"f":{"1":266,"2":0,"3":0,"4":0,"5":2,"6":0,"7":0,"8":0,"9":0,"10":1,"11":1,"12":0,"13":2},"fnMap":{"1":{"name":"(anonymous_1)","line":34,"loc":{"start":{"line":34,"column":54},"end":{"line":34,"column":69}}},"2":{"name":"(anonymous_2)","line":36,"loc":{"start":{"line":36,"column":10},"end":{"line":36,"column":30}}},"3":{"name":"(anonymous_3)","line":41,"loc":{"start":{"line":41,"column":26},"end":{"line":41,"column":42}}},"4":{"name":"(anonymous_4)","line":64,"loc":{"start":{"line":64,"column":17},"end":{"line":64,"column":27}}},"5":{"name":"useColors","line":75,"loc":{"start":{"line":75,"column":0},"end":{"line":75,"column":21}}},"6":{"name":"(anonymous_6)","line":85,"loc":{"start":{"line":85,"column":23},"end":{"line":85,"column":35}}},"7":{"name":"(anonymous_7)","line":95,"loc":{"start":{"line":95,"column":23},"end":{"line":95,"column":35}}},"8":{"name":"formatArgs","line":106,"loc":{"start":{"line":106,"column":0},"end":{"line":106,"column":26}}},"9":{"name":"log","line":126,"loc":{"start":{"line":126,"column":0},"end":{"line":126,"column":15}}}
[...]
mn":0},"end":{"line":36,"column":1}},"7":{"start":{"line":26,"column":2},"end":{"line":26,"column":25}},"8":{"start":{"line":27,"column":2},"end":{"line":27,"column":23}},"9":{"start":{"line":28,"column":2},"end":{"line":34,"column":3}},"10":{"start":{"line":29,"column":4},"end":{"line":29,"column":21}},"11":{"start":{"line":30,"column":9},"end":{"line":34,"column":3}},"12":{"start":{"line":31,"column":4},"end":{"line":33,"column":16}},"13":{"start":{"line":35,"column":2},"end":{"line":35,"column":96}},"14":{"start":{"line":46,"column":0},"end":{"line":95,"column":1}},"15":{"start":{"line":47,"column":2},"end":{"line":47,"column":19}},"16":{"start":{"line":48,"column":2},"end":{"line":50,"column":3}},"17":{"start":{"line":49,"column":4},"end":{"line":49,"column":10}},"18":{"start":{"line":51,"column":2},"end":{"line":51,"column":143}},"19":{"start":{"line":52,"column":2},"end":{"line":54,"column":3}},"20":{"start":{"line":53,"column":4},"end":{"line":53,"column":10}},"21":{"start":{"line":55,"column":2},"end":{"line":55,"column":30}},"22":{"start":{"line":56,"column":2},"end":{"line":56,"column":45}},"23":{"start":{"line":57,"column":2},"end":{"line":94,"column":3}},"24":{"start":{"line":63,"column":6},"end":{"line":63,"column":18}},"25":{"start":{"line":67,"column":6},"end":{"line":67,"column":18}},"26":{"start":{"line":73,"column":6},"end":{"line":73,"column":18}},"27":{"start":{"line":79,"column":6},"end":{"line":79,"column":18}},"28":{"start":{"line":85,"column":6},"end":{"line":85,"column":18}},"29":{"start":{"line":91,"column":6},"end":{"line":91,"column":14}},"30":{"start":{"line":93,"column":6},"end":{"line":93,"column":22}},"31":{"start":{"line":105,"column":0},"end":{"line":119,"column":1}},"32":{"start":{"line":106,"column":2},"end":{"line":108,"column":3}},"33":{"start":{"line":107,"column":4},"end":{"line":107,"column":35}},"34":{"start":{"line":109,"column":2},"end":{"line":111,"column":3}},"35":{"start":{"line":110,"column":4},"end":{"line":110,"column":35}},"36":{"start":{"line":112,"column":2},"end":{"line":114,"column":3}},"37":{"start":{"line":113,"column":4},"end":{"line":113,"column":35}},"38":{"start":{"line":115,"column":2},"end":{"line":117,"column":3}},"39":{"start":{"line":116,"column":4},"end":{"line":116,"column":35}},"40":{"start":{"line":118,"column":2},"end":{"line":118,"column":18}},"41":{"start":{"line":129,"column":0},"end":{"line":135,"column":1}},"42":{"start":{"line":130,"column":2},"end":{"line":134,"column":14}},"43":{"start":{"line":141,"column":0},"end":{"line":149,"column":1}},"44":{"start":{"line":142,"column":2},"end":{"line":144,"column":3}},"45":{"start":{"line":143,"column":4},"end":{"line":143,"column":10}},"46":{"start":{"line":145,"column":2},"end":{"line":147,"column":3}},"47":{"start":{"line":146,"column":4},"end":{"line":146,"column":42}},"48":{"start":{"line":148,"column":2},"end":{"line":148,"column":45}}},"branchMap":{"1":{"line":26,"type":"binary-expr","locations":[{"start":{"line":26,"column":12},"end":{"line":26,"column":19}},{"start":{"line":26,"column":23},"end":{"line":26,"column":25}}]},"2":{"line":28,"type":"if","locations":[{"start":{"line":28,"column":2},"end":{"line":28,"column":2}},{"start":{"line":28,"column":2},"end":{"line":28,"column":2}}]},"3":{"line":28,"type":"binary-expr","locations":[{"start":{"line":28,"column":6},"end":{"line":28,"column":23}},{"start":{"line":28,"column":27},"end":{"line":28,"column":41}}]},"4":{"line":30,"type":"if","locations":[{"start":{"line":30,"column":9},"end":{"line":30,"column":9}},{"start":{"line":30,"column":9},"end":{"line":30,"column":9}}]},"5":{"line":30,"type":"binary-expr","locations":[{"start":{"line":30,"column":13},"end":{"line":30,"column":30}},{"start":{"line":30,"column":34},"end":{"line":30,"column":54}}]},"6":{"line":31,"type":"cond-expr","locations":[{"start":{"line":32,"column":3},"end":{"line":32,"column":15}},{"start":{"line":33,"column":3},"end":{"line":33,"column":16}}]},"7":{"line":48,"type":"if","locations":[{"start":{"line":48,"column":2},"end":{"line":48,"column":2}},{"start":{"line":48,"column":2},"end":{"line":48,"column":2}}]},"8":{"line":52,"type":"if","locations":[{"start":{"line":52,"column":2},"end":{"line":52,"column":2}},{"start":{"line":52,"column":2},"end":{"line":52,"column":2}}]},"9":{"line":56,"type":"binary-expr","locations":[{"start":{"line":56,"column":14},"end":{"line":56,"column":22}},{"start":{"line":56,"column":26},"end":{"line":56,"column":30}}]},"10":{"line":57,"type":"switch","locations":[{"start":{"line":58,"column":4},"end":{"line":58,"column":17}},{"start":{"line":59,"column":4},"end":{"line":59,"column":16}},{"start":{"line":60,"column":4},"end":{"line":60,"column":15}},{"start":{"line":61,"column":4},"end":{"line":61,"column":14}},{"start":{"line":62,"column":4},"end":{"line":63,"column":18}},{"start":{"line":64,"column":4},"end":{"line":64,"column":16}},{"start":{"line":65,"column":4},"end":{"line":65,"column":15}},{"start":{"line":66,"column":4},"end":{"line":67,"column":18}},{"start":{"line":68,"column":4},"end":{"line":68,"column":17}},{"start":{"line":69,"column":4},"end":{"line":69,"column":16}},{"start":{"line":70,"column":4},"end":{"line":70,"column":15}},{"start":{"line":71,"column":4},"end":{"line":71,"column":14}},{"start":{"line":72,"column":4},"end":{"line":73,"column":18}},{"start":{"line":74,"column":4},"end":{"line":74,"column":19}},{"start":{"line":75,"column":4},"end":{"line":75,"column":18}},{"start":{"line":76,"column":4},"end":{"line":76,"column":16}},{"start":{"line":77,"column":4},"end":{"line":77,"column":15}},{"start":{"line":78,"column":4},"end":{"line":79,"column":18}},{"start":{"line":80,"column":4},"end":{"line":80,"column":19}},{"start":{"line":81,"column":4},"end":{"line":81,"column":18}},{"start":{"line":82,"column":4},"end":{"line":82,"column":16}},{"start":{"line":83,"column":4},"end":{"line":83,"column":15}},{"start":{"line":84,"column":4},"end":{"line":85,"column":18}},{"start":{"line":86,"column":4},"end":{"line":86,"column":24}},{"start":{"line":87,"column":4},"end":{"line":87,"column":23}},{"start":{"line":88,"column":4},"end":{"line":88,"column":17}},{"start":{"line":89,"column":4},"end":{"line":89,"column":16}},{"start":{"line":90,"column":4},"end":{"line":91,"column":14}},{"start":{"line":92,"column":4},"end":{"line":93,"column":22}}]},"11":{"line":106,"type":"if","locations":[{"start":{"line":106,"column":2},"end":{"line":106,"column":2}},{"start":{"line":106,"column":2},"end":{"line":106,"column":2}}]},"12":{"line":109,"type":"if","locations":[{"start":{"line":109,"column":2},"end":{"line":109,"column":2}},{"start":{"line":109,"column":2},"end":{"line":109,"column":2}}]},"13":{"line":112,"type":"if","locations":[{"start":{"line":112,"column":2},"end":{"line":112,"column":2}},{"start":{"line":112,"column":2},"end":{"line":112,"column":2}}]},"14":{"line":115,"type":"if","locations":[{"start":{"line":115,"column":2},"end":{"line":115,"column":2}},{"start":{"line":115,"column":2},"end":{"line":115,"column":2}}]},"15":{"line":130,"type":"binary-expr","locations":[{"start":{"line":130,"column":9},"end":{"line":130,"column":29}},{"start":{"line":131,"column":4},"end":{"line":131,"column":25}},{"start":{"line":132,"column":4},"end":{"line":132,"column":27}},{"start":{"line":133,"column":4},"end":{"line":133,"column":27}},{"start":{"line":134,"column":4},"end":{"line":134,"column":14}}]},"16":{"line":142,"type":"if","locations":[{"start":{"line":142,"column":2},"end":{"line":142,"column":2}},{"start":{"line":142,"column":2},"end":{"line":142,"column":2}}]},"17":{"line":145,"type":"if","locations":[{"start":{"line":145,"column":2},"end":{"line":145,"column":2}},{"start":{"line":145,"column":2},"end":{"line":145,"column":2}}]}},"code":["/**"," * Helpers."," */","","var s = 1000","var m = s * 60","var h = m * 60","var d = h * 24","var y = d * 365.25","","/**"," * Parse or format the given `val`."," *"," * Options:"," *"," *  - `long` verbose formatting [false]"," *"," * @param {String|Number} val"," * @param {Object} options"," * @throws {Error} throw an error if val is not a non-empty string or a number"," * @return {String|Number}"," * @api public"," */","","module.exports = function (val, options) {","  options = options || {}","  var type = typeof val","  if (type === 'string' && val.length > 0) {","    return parse(val)","  } else if (type === 'number' && isNaN(val) === false) {","    return options.long ?","\t\t\tfmtLong(val) :","\t\t\tfmtShort(val)","  }","  throw new Error('val is not a non-empty string or a valid number. val=' + JSON.stringify(val))","}","","/**"," * Parse the given `str` and return milliseconds."," *"," * @param {String} str"," * @return {Number}"," * @api private"," */","","function parse(str) {","  str = String(str)","  if (str.length > 10000) {","    return","  }","  var match = /^((?:\\d+)?\\.?\\d+) *(milliseconds?|msecs?|ms|seconds?|secs?|s|minutes?|mins?|m|hours?|hrs?|h|days?|d|years?|yrs?|y)?$/i.exec(str)","  if (!match) {","    return","  }","  var n = parseFloat(match[1])","  var type = (match[2] || 'ms').toLowerCase()","  switch (type) {","    case 'years':","    case 'year':","    case 'yrs':","    case 'yr':","    case 'y':","      return n * y","    case 'days':","    case 'day':","    case 'd':","      return n * d","    case 'hours':","    case 'hour':","    case 'hrs':","    case 'hr':","    case 'h':","      return n * h","    case 'minutes':","    case 'minute':","    case 'mins':","    case 'min':","    case 'm':","      return n * m","    case 'seconds':","    case 'second':","    case 'secs':","    case 'sec':","    case 's':","      return n * s","    case 'milliseconds':","    case 'millisecond':","    case 'msecs':","    case 'msec':","    case 'ms':","      return n","    default:","      return undefined","  }","}","","/**"," * Short format for `ms`."," *"," * @param {Number} ms"," * @return {String}"," * @api private"," */","","function fmtShort(ms) {","  if (ms >= d) {","    return Math.round(ms / d) + 'd'","  }","  if (ms >= h) {","    return Math.round(ms / h) + 'h'","  }","  if (ms >= m) {","    return Math.round(ms / m) + 'm'","  }","  if (ms >= s) {","    return Math.round(ms / s) + 's'","  }","  return ms + 'ms'","}","","/**"," * Long format for `ms`."," *"," * @param {Number} ms"," * @return {String}"," * @api private"," */","","function fmtLong(ms) {","  return plural(ms, d, 'day') ||","    plural(ms, h, 'hour') ||","    plural(ms, m, 'minute') ||","    plural(ms, s, 'second') ||","    ms + ' ms'","}","","/**"," * Pluralization helper."," */","","function plural(ms, n, name) {","  if (ms < n) {","    return","  }","  if (ms < n * 1.5) {","    return Math.floor(ms / n) + ' ' + name","  }","  return Math.ceil(ms / n) + ' ' + name + 's'","}",""],"l":{"5":1,"6":1,"7":1,"8":1,"9":1,"25":1,"26":0,"27":0,"28":0,"29":0,"30":0,"31":0,"35":0,"46":1,"47":0,"48":0,"49":0,"51":0,"52":0,"53":0,"55":0,"56":0,"57":0,"63":0,"67":0,"73":0,"79":0,"85":0,"91":0,"93":0,"105":1,"106":0,"107":0,"109":0,"110":0,"112":0,"113":0,"115":0,"116":0,"118":0,"129":1,"130":0,"141":1,"142":0,"143":0,"145":0,"146":0,"148":0}},"/home/travis/build/npmtest/node-npmtest-node-ios-device/node_modules/node-ios-device/bin/download-all.js":{"path":"/home/travis/build/npmtest/node-npmtest-node-ios-device/node_modules/node-ios-device/bin/download-all.js","s":{"1":2,"2":2,"3":2,"4":2,"5":2,"6":2,"7":0,"8":0,"9":0,"10":0,"11":0,"12":0,"13":0,"14":0,"15":0,"16":0,"17":0,"18":1,"19":0,"20":0,"21":0,"22":0,"23":0,"24":0,"25":0,"26":0,"27":0,"28":0,"29":0,"30":0,"31":0,"32":0,"33":0,"34":0,"35":0,"36":0,"37":0,"38":0,"39":0,"40":0,"41":0,"42":0,"43":0,"44":0,"45":0,"46":0,"47":0},"b":{"1":[0,0],"2":[0,0],"3":[0,0],"4":[0,0],"5":[0,0]},"f":{"1":0,"2":0,"3":0,"4":0,"5":0,"6":0,"7":0,"8":0,"9":0,"10":0,"11":0,"12":0},"fnMap":{"1":{"name":"download","line":29,"loc":{"start":{"line":29,"column":0},"end":{"line":29,"column":34}}},"2":{"name":"(anonymous_2)","line":36,"loc":{"start":{"line":36,"column":16},"end":{"line":36,"column":36}}},"3":{"name":"(anonymous_3)","line":42,"loc":{"start":{"line":42,"column":18},"end":{"line":42,"column":30}}},"4":{"name":"(anonymous_4)","line":43,"loc":{"start":{"line":43,"column":61},"end":{"line":43,"column":78}}},"5":{"name":"(anonymous_5)","line":54,"loc":{"start":{"line":54,"column":16},"end":{"line":54,"column":31}}},"6":{"name":"(anonymous_6)","line":60,"loc":{"start":{"line":60,"column":1},"end":{"line":60,"column":15}}},"7":{"name":"(anonymous_7)","line":61,"loc":{"start":{"line":61,"column":1},"end":{"line":61,"column":15}}},"8":{"name":"(anonymous_8)","line":62,"loc":{"start":{"line":62,"column":1},"end":{"line":62,"column":15}}},"9":{"name":"(anonymous_9)","line":66,"loc":{"start":{"line":66,"column":3},"end":{"line":66,"column":15}}},"10":{"name":"(anonymous_10)","line":67,"loc":{"start":{"line":67,"column":3},"end":{"line":67,"column":17}}},"11":{"name":"(anonymous_11)","line":73,"loc":{"start":{"line":73,"column":20},"end":{"line":73,"column":35}}},"12":{"name":"(anonymous_12)","line":81,"loc":{"start":{"line":81,"column":3},"end":{"line":81,"column":15}}}},"statementMap":{"1":{"start":{"line":3,"column":0},"end":{"line":9,"column":1}},"2":{"start":{"line":4,"column":1},"end":{"line":4,"column":26}},"3":{"start":{"line":6,"column":1},"end":{"line":6,"column":93}},"4":{"start":{"line":7,"column":1},"end":{"line":7,"column":90}},"5":{"start":{"line":8,"column":1},"end":{"line":8,"column":17}},"6":{"start":{"line":11,"column":0},"end":{"line":11,"column":29}},"7":{"start":{"line":12,"column":0},"end":{"line":12,"column":23}},"8":{"start":{"line":13,"column":0},"end":{"line":13,"column":29}},"9":{"start":{"line":14,"column":0},"end":{"line":14,"column":27}},"10":{"start":{"line":15,"column":0},"end":{"line":15,"column":41}},"11":{"start":{"line":16,"column":0},"end":{"line":16,"column":68}},"12":{"start":{"line":17,"column":0},"end":{"line":17,"column":44}},"13":{"start":{"line":18,"column":0},"end":{"line":18,"column":30}},"14":{"start":{"line":19,"column":0},"end":{"line":19,"column":93}},"15":{"start":{"line":20,"column":0},"end":{"line":23,"column":38}},"16":{"start":{"line":25,"column":0},"end":{"line":27,"column":1}},"17":{"start":{"line":26,"column":1},"end":{"line":26,"column":25}},"18":{"start":{"line":29,"column":0},"end":{"line":57,"column":1}},"19":{"start":{"line":30,"column":1},"end":{"line":30,"column":127}},"20":{"start":{"line":31,"column":1},"end":{"line":31,"column":29}},"21":{"start":{"line":32,"column":1},"end":{"line":32,"column":44}},"22":{"start":{"line":34,"column":1},"end":{"line":34,"column":35}},"23":{"start":{"line":36,"column":1},"end":{"line":56,"column":4}},"24":{"start":{"line":37,"column":2},"end":{"line":53,"column":3}},"25":{"start":{"line":38,"column":3},"end":{"line":38,"column":27}},"26":{"start":{"line":40,"column":3},"end":{"line":40,"column":36}},"27":{"start":{"line":41,"column":3},"end":{"line":52,"column":7}},"28":{"start":{"line":43,"column":5},"end":{"line":51,"column":8}},"29":{"start":{"line":44,"column":6},"end":{"line":50,"column":7}},"30":{"start":{"line":45,"column":7},"end":{"line":45,"column":24}},"31":{"start":{"line":46,"column":7},"end":{"line":46,"column":17}},"32":{"start":{"line":48,"column":7},"end":{"line":48,"column":27}},"33":{"start":{"line":49,"column":7},"end":{"line":49,"column":12}},"34":{"start":{"line":55,"column":2},"end":{"line":55,"column":10}},"35":{"start":{"line":59,"column":0},"end":{"line":83,"column":3}},"36":{"start":{"line":60,"column":17},"end":{"line":60,"column":34}},"37":{"start":{"line":61,"column":17},"end":{"line":61,"column":34}},"38":{"start":{"line":63,"column":2},"end":{"line":63,"column":19}},"39":{"start":{"line":64,"column":2},"end":{"line":64,"column":15}},"40":{"start":{"line":65,"column":2},"end":{"line":79,"column":4}},"41":{"start":{"line":66,"column":17},"end":{"line":66,"column":30}},"42":{"start":{"line":68,"column":4},"end":{"line":71,"column":5}},"43":{"start":{"line":70,"column":5},"end":{"line":70,"column":17}},"44":{"start":{"line":73,"column":4},"end":{"line":76,"column":7}},"45":{"start":{"line":74,"column":5},"end":{"line":74,"column":18}},"46":{"start":{"line":75,"column":5},"end":{"line":75,"column":10}},"47":{"start":{"line":82,"column":1},"end":{"line":82,"column":22}}},"branchMap":{"1":{"line":25,"type":"if","locations":[{"start":{"line":25,"column":0},"end":{"line":25,"column":0}},{"start":{"line":25,"column":0},"end":{"line":25,"column":0}}]},"2":{"line":37,"type":"if","locations":[{"start":{"line":37,"column":2},"end":{"line":37,"column":2}},{"start":{"line":37,"column":2},"end":{"line":37,"column":2}}]},"3":{"line":44,"type":"if","locations":[{"start":{"line":44,"column":6},"end":{"line":44,"column":6}},{"start":{"line":44,"column":6},"end":{"line":44,"column":6}}]},"4":{"line":68,"type":"if","locations":[{"start":{"line":68,"column":4},"end":{"line":68,"column":4}},{"start":{"line":68,"column":4},"end":{"line":68,"column":4}}]},"5":{"line":68,"type":"binary-expr","locations":[{"start":{"line":68,"column":8},"end":{"line":68,"column":18}},{"start":{"line":68,"column":22},"end":{"line":68,"column":32}}]}},"code":["//#!/usr/bin/env node","","try {","\trequire.resolve('async');","} catch (e) {","\tconsole.log('This tool requires the async library which needs to be explicitly installed.');","\tconsole.log('Please run \"npm install async\" to install it, then run this script again.');","\tprocess.exit(1);","}","","var async = require('async');","var fs = require('fs');","var https = require('https');","var path = require('path');","var exec = require('child_process').exec;","var pkgJson = require(path.resolve(__dirname + '/../package.json'));","var moduleName = pkgJson.binary.module_name;","var version = pkgJson.version;","var bindingDir = path.dirname(path.resolve(__dirname + '/../' + pkgJson.binary.module_path));","var prefix = pkgJson.binary.host + '/' + pkgJson.binary.remote_path","\t.replace(/^.\\//, '')","\t.replace(/{name}/, pkgJson.name)","\t.replace(/{version}/, version) + '/';","","if (!fs.existsSync(bindingDir)) {","\tfs.mkdirSync(bindingDir)","}","","function download(abiVersion, cb) {","\tvar filename = moduleName + '-v' + version + '-node-v' + abiVersion + '-' + process.platform + '-' + process.arch + '.tar.gz';","\tvar url = prefix + filename;","\tvar dest = path.join(bindingDir, filename);","","\tconsole.log('Downloading ' + url);","","\thttps.get(url, function (response) {","\t\tif (response.statusCode !== 200) {","\t\t\tcb(response.statusCode);","\t\t} else {","\t\t\tconsole.log(response.statusCode);","\t\t\tresponse.pipe(fs.createWriteStream(dest))","\t\t\t\t.on('finish', function () {","\t\t\t\t\texec('tar xzf \"' + filename + '\"', { cwd: bindingDir }, function (error) {","\t\t\t\t\t\tif (error) {","\t\t\t\t\t\t\tconsole.log(err);","\t\t\t\t\t\t\tcb(error);","\t\t\t\t\t\t} else {","\t\t\t\t\t\t\tfs.unlinkSync(dest);","\t\t\t\t\t\t\tcb();","\t\t\t\t\t\t}","\t\t\t\t\t});","\t\t\t\t});","\t\t}","\t}).on('error', function (err) {","\t\tcb(err);","\t});","}","","async.series([","\tfunction (cb) { download(11, cb); },","\tfunction (cb) { download(14, cb); },","\tfunction (cb) {","\t\tvar done = false;","\t\tvar ver = 42;","\t\tasync.whilst(","\t\t\tfunction () { return !done; },","\t\t\tfunction (cb) {","\t\t\t\tif (ver === 49 || ver === 50) {","\t\t\t\t\t// there is no api version 49 or 50","\t\t\t\t\treturn cb();","\t\t\t\t}","","\t\t\t\tdownload(ver++, function (err) {","\t\t\t\t\tdone = !!err;","\t\t\t\t\tcb();","\t\t\t\t});","\t\t\t},","\t\t\tcb","\t\t);","\t}","], function () {","\tconsole.log('Done!');","});",""],"l":{"3":2,"4":2,"6":2,"7":2,"8":2,"11":2,"12":0,"13":0,"14":0,"15":0,"16":0,"17":0,"18":0,"19":0,"20":0,"25":0,"26":0,"29":1,"30":0,"31":0,"32":0,"34":0,"36":0,"37":0,"38":0,"40":0,"41":0,"43":0,"44":0,"45":0,"46":0,"48":0,"49":0,"55":0,"59":0,"60":0,"61":0,"63":0,"64":0,"65":0,"66":0,"68":0,"70":0,"73":0,"74":0,"75":0,"82":0}}}